Running: C:\Xilinx\14.7\ISE_DS\ISE\bin\nt64\unwrapped\fuse.exe -intstyle ise -incremental -o C:/Users/Filip/Documents/workspace/ISE Projects/UCiSW2 - Project/DES/test_PC1_isim_beh.exe -prj C:/Users/Filip/Documents/workspace/ISE Projects/UCiSW2 - Project/DES/test_PC1_beh.prj work.test_PC1 
ISim P.20131013 (signature 0x7708f090)
Number of CPUs detected in this system: 4
Turning on mult-threading, number of parallel sub-compilation jobs: 8 
Determining compilation order of HDL files
Parsing VHDL file "C:/Users/Filip/Documents/workspace/ISE Projects/UCiSW2 - Project/DES/PC1.vhd" into library work
Parsing VHDL file "C:/Users/Filip/Documents/workspace/ISE Projects/UCiSW2 - Project/DES/test_PC1.vhd" into library work
Starting static elaboration
Completed static elaboration
Compiling package standard
Compiling package std_logic_1164
Compiling architecture behavior of entity PC1 [pc1_default]
Compiling architecture behavior of entity test_pc1
Time Resolution for simulation is 1ps.
Waiting for 1 sub-compilation(s) to finish...
WARNING:Simulator - Unable to copy libPortabilityNOSH.dll to the simulation executable directory: boost::filesystem::copy_file: The system cannot find the path specified, "isim\test_PC1_isim_beh.exe.sim\libPortability.dll".
Compiled 5 VHDL Units
Built simulation executable C:/Users/Filip/Documents/workspace/ISE Projects/UCiSW2 - Project/DES/test_PC1_isim_beh.exe
Fuse Memory Usage: 29868 KB
Fuse CPU Usage: 514 ms
