ISim log file
Running: C:\Users\Filip\Documents\workspace\ISE Projects\UCiSW2 - Project\DES\decr_schem_decr_schem_sch_tb_isim_beh.exe -intstyle ise -gui -tclbatch isim.cmd -wdb C:/Users/Filip/Documents/workspace/ISE Projects/UCiSW2 - Project/DES/decr_schem_decr_schem_sch_tb_isim_beh.wdb 
ISim P.20131013 (signature 0x7708f090)
WARNING: A WEBPACK license was found.
WARNING: Please use Xilinx License Configuration Manager to check out a full ISim license.
WARNING: ISim will run in Lite mode. Please refer to the ISim documentation for more information on the differences between the Lite and the Full version.
This is a Lite version of ISim.
Time resolution is 1 ps
# onerror resume
# wave add /
# run 1000 ns
Simulator is doing circuit initialization process.
at 0 ps, Instance /decr_schem_decr_schem_sch_tb/UUT/XLXI_204/XLXI_4/sb0/ : Warning: NUMERIC_STD.TO_INTEGER: metavalue detected, returning 0
at 0 ps, Instance /decr_schem_decr_schem_sch_tb/UUT/XLXI_204/XLXI_4/sb0/ : Warning: NUMERIC_STD.TO_INTEGER: metavalue detected, returning 0
at 0 ps, Instance /decr_schem_decr_schem_sch_tb/UUT/XLXI_204/XLXI_4/sb1/ : Warning: NUMERIC_STD.TO_INTEGER: metavalue detected, returning 0
at 0 ps, Instance /decr_schem_decr_schem_sch_tb/UUT/XLXI_204/XLXI_4/sb1/ : Warning: NUMERIC_STD.TO_INTEGER: metavalue detected, returning 0
at 0 ps, Instance /decr_schem_decr_schem_sch_tb/UUT/XLXI_204/XLXI_4/sb2/ : Warning: NUMERIC_STD.TO_INTEGER: metavalue detected, returning 0
at 0 ps, Instance /decr_schem_decr_schem_sch_tb/UUT/XLXI_204/XLXI_4/sb2/ : Warning: NUMERIC_STD.TO_INTEGER: metavalue detected, returning 0
at 0 ps, Instance /decr_schem_decr_schem_sch_tb/UUT/XLXI_204/XLXI_4/sb3/ : Warning: NUMERIC_STD.TO_INTEGER: metavalue detected, returning 0
at 0 ps, Instance /decr_schem_decr_schem_sch_tb/UUT/XLXI_204/XLXI_4/sb3/ : Warning: NUMERIC_STD.TO_INTEGER: metavalue detected, returning 0
at 0 ps, Instance /decr_schem_decr_schem_sch_tb/UUT/XLXI_204/XLXI_4/sb4/ : Warning: NUMERIC_STD.TO_INTEGER: metavalue detected, returning 0
at 0 ps, Instance /decr_schem_decr_schem_sch_tb/UUT/XLXI_204/XLXI_4/sb4/ : Warning: NUMERIC_STD.TO_INTEGER: metavalue detected, returning 0
at 0 ps, Instance /decr_schem_decr_schem_sch_tb/UUT/XLXI_204/XLXI_4/sb5/ : Warning: NUMERIC_STD.TO_INTEGER: metavalue detected, returning 0
at 0 ps, Instance /decr_schem_decr_schem_sch_tb/UUT/XLXI_204/XLXI_4/sb5/ : Warning: NUMERIC_STD.TO_INTEGER: metavalue detected, returning 0
at 0 ps, Instance /decr_schem_decr_schem_sch_tb/UUT/XLXI_204/XLXI_4/sb6/ : Warning: NUMERIC_STD.TO_INTEGER: metavalue detected, returning 0
at 0 ps, Instance /decr_schem_decr_schem_sch_tb/UUT/XLXI_204/XLXI_4/sb6/ : Warning: NUMERIC_STD.TO_INTEGER: metavalue detected, returning 0
at 0 ps, Instance /decr_schem_decr_schem_sch_tb/UUT/XLXI_204/XLXI_4/sb7/ : Warning: NUMERIC_STD.TO_INTEGER: metavalue detected, returning 0
at 0 ps, Instance /decr_schem_decr_schem_sch_tb/UUT/XLXI_204/XLXI_4/sb7/ : Warning: NUMERIC_STD.TO_INTEGER: metavalue detected, returning 0
at 0 ps, Instance /decr_schem_decr_schem_sch_tb/UUT/XLXI_211/XLXI_4/sb0/ : Warning: NUMERIC_STD.TO_INTEGER: metavalue detected, returning 0
at 0 ps, Instance /decr_schem_decr_schem_sch_tb/UUT/XLXI_211/XLXI_4/sb0/ : Warning: NUMERIC_STD.TO_INTEGER: metavalue detected, returning 0
at 0 ps, Instance /decr_schem_decr_schem_sch_tb/UUT/XLXI_211/XLXI_4/sb1/ : Warning: NUMERIC_STD.TO_INTEGER: metavalue detected, returning 0
at 0 ps, Instance /decr_schem_decr_schem_sch_tb/UUT/XLXI_211/XLXI_4/sb1/ : Warning: NUMERIC_STD.TO_INTEGER: metavalue detected, returning 0
at 0 ps, Instance /decr_schem_decr_schem_sch_tb/UUT/XLXI_211/XLXI_4/sb2/ : Warning: NUMERIC_STD.TO_INTEGER: metavalue detected, returning 0
at 0 ps, Instance /decr_schem_decr_schem_sch_tb/UUT/XLXI_211/XLXI_4/sb2/ : Warning: NUMERIC_STD.TO_INTEGER: metavalue detected, returning 0
at 0 ps, Instance /decr_schem_decr_schem_sch_tb/UUT/XLXI_211/XLXI_4/sb3/ : Warning: NUMERIC_STD.TO_INTEGER: metavalue detected, returning 0
at 0 ps, Instance /decr_schem_decr_schem_sch_tb/UUT/XLXI_211/XLXI_4/sb3/ : Warning: NUMERIC_STD.TO_INTEGER: metavalue detected, returning 0
at 0 ps, Instance /decr_schem_decr_schem_sch_tb/UUT/XLXI_211/XLXI_4/sb4/ : Warning: NUMERIC_STD.TO_INTEGER: metavalue detected, returning 0
at 0 ps, Instance /decr_schem_decr_schem_sch_tb/UUT/XLXI_211/XLXI_4/sb4/ : Warning: NUMERIC_STD.TO_INTEGER: metavalue detected, returning 0
at 0 ps, Instance /decr_schem_decr_schem_sch_tb/UUT/XLXI_211/XLXI_4/sb5/ : Warning: NUMERIC_STD.TO_INTEGER: metavalue detected, returning 0
at 0 ps, Instance /decr_schem_decr_schem_sch_tb/UUT/XLXI_211/XLXI_4/sb5/ : Warning: NUMERIC_STD.TO_INTEGER: metavalue detected, returning 0
at 0 ps, Instance /decr_schem_decr_schem_sch_tb/UUT/XLXI_211/XLXI_4/sb6/ : Warning: NUMERIC_STD.TO_INTEGER: metavalue detected, returning 0
at 0 ps, Instance /decr_schem_decr_schem_sch_tb/UUT/XLXI_211/XLXI_4/sb6/ : Warning: NUMERIC_STD.TO_INTEGER: metavalue detected, returning 0
at 0 ps, Instance /decr_schem_decr_schem_sch_tb/UUT/XLXI_211/XLXI_4/sb7/ : Warning: NUMERIC_STD.TO_INTEGER: metavalue detected, returning 0
at 0 ps, Instance /decr_schem_decr_schem_sch_tb/UUT/XLXI_211/XLXI_4/sb7/ : Warning: NUMERIC_STD.TO_INTEGER: metavalue detected, returning 0
at 0 ps, Instance /decr_schem_decr_schem_sch_tb/UUT/XLXI_212/XLXI_4/sb0/ : Warning: NUMERIC_STD.TO_INTEGER: metavalue detected, returning 0
at 0 ps, Instance /decr_schem_decr_schem_sch_tb/UUT/XLXI_212/XLXI_4/sb0/ : Warning: NUMERIC_STD.TO_INTEGER: metavalue detected, returning 0
at 0 ps, Instance /decr_schem_decr_schem_sch_tb/UUT/XLXI_212/XLXI_4/sb1/ : Warning: NUMERIC_STD.TO_INTEGER: metavalue detected, returning 0
at 0 ps, Instance /decr_schem_decr_schem_sch_tb/UUT/XLXI_212/XLXI_4/sb1/ : Warning: NUMERIC_STD.TO_INTEGER: metavalue detected, returning 0
at 0 ps, Instance /decr_schem_decr_schem_sch_tb/UUT/XLXI_212/XLXI_4/sb2/ : Warning: NUMERIC_STD.TO_INTEGER: metavalue detected, returning 0
at 0 ps, Instance /decr_schem_decr_schem_sch_tb/UUT/XLXI_212/XLXI_4/sb2/ : Warning: NUMERIC_STD.TO_INTEGER: metavalue detected, returning 0
at 0 ps, Instance /decr_schem_decr_schem_sch_tb/UUT/XLXI_212/XLXI_4/sb3/ : Warning: NUMERIC_STD.TO_INTEGER: metavalue detected, returning 0
at 0 ps, Instance /decr_schem_decr_schem_sch_tb/UUT/XLXI_212/XLXI_4/sb3/ : Warning: NUMERIC_STD.TO_INTEGER: metavalue detected, returning 0
at 0 ps, Instance /decr_schem_decr_schem_sch_tb/UUT/XLXI_212/XLXI_4/sb4/ : Warning: NUMERIC_STD.TO_INTEGER: metavalue detected, returning 0
at 0 ps, Instance /decr_schem_decr_schem_sch_tb/UUT/XLXI_212/XLXI_4/sb4/ : Warning: NUMERIC_STD.TO_INTEGER: metavalue detected, returning 0
at 0 ps, Instance /decr_schem_decr_schem_sch_tb/UUT/XLXI_212/XLXI_4/sb5/ : Warning: NUMERIC_STD.TO_INTEGER: metavalue detected, returning 0
at 0 ps, Instance /decr_schem_decr_schem_sch_tb/UUT/XLXI_212/XLXI_4/sb5/ : Warning: NUMERIC_STD.TO_INTEGER: metavalue detected, returning 0
at 0 ps, Instance /decr_schem_decr_schem_sch_tb/UUT/XLXI_212/XLXI_4/sb6/ : Warning: NUMERIC_STD.TO_INTEGER: metavalue detected, returning 0
at 0 ps, Instance /decr_schem_decr_schem_sch_tb/UUT/XLXI_212/XLXI_4/sb6/ : Warning: NUMERIC_STD.TO_INTEGER: metavalue detected, returning 0
at 0 ps, Instance /decr_schem_decr_schem_sch_tb/UUT/XLXI_212/XLXI_4/sb7/ : Warning: NUMERIC_STD.TO_INTEGER: metavalue detected, returning 0
at 0 ps, Instance /decr_schem_decr_schem_sch_tb/UUT/XLXI_212/XLXI_4/sb7/ : Warning: NUMERIC_STD.TO_INTEGER: metavalue detected, returning 0
at 0 ps, Instance /decr_schem_decr_schem_sch_tb/UUT/XLXI_213/XLXI_4/sb0/ : Warning: NUMERIC_STD.TO_INTEGER: metavalue detected, returning 0
at 0 ps, Instance /decr_schem_decr_schem_sch_tb/UUT/XLXI_213/XLXI_4/sb0/ : Warning: NUMERIC_STD.TO_INTEGER: metavalue detected, returning 0
at 0 ps, Instance /decr_schem_decr_schem_sch_tb/UUT/XLXI_213/XLXI_4/sb1/ : Warning: NUMERIC_STD.TO_INTEGER: metavalue detected, returning 0
at 0 ps, Instance /decr_schem_decr_schem_sch_tb/UUT/XLXI_213/XLXI_4/sb1/ : Warning: NUMERIC_STD.TO_INTEGER: metavalue detected, returning 0
at 0 ps, Instance /decr_schem_decr_schem_sch_tb/UUT/XLXI_213/XLXI_4/sb2/ : Warning: NUMERIC_STD.TO_INTEGER: metavalue detected, returning 0
at 0 ps, Instance /decr_schem_decr_schem_sch_tb/UUT/XLXI_213/XLXI_4/sb2/ : Warning: NUMERIC_STD.TO_INTEGER: metavalue detected, returning 0
at 0 ps, Instance /decr_schem_decr_schem_sch_tb/UUT/XLXI_213/XLXI_4/sb3/ : Warning: NUMERIC_STD.TO_INTEGER: metavalue detected, returning 0
at 0 ps, Instance /decr_schem_decr_schem_sch_tb/UUT/XLXI_213/XLXI_4/sb3/ : Warning: NUMERIC_STD.TO_INTEGER: metavalue detected, returning 0
at 0 ps, Instance /decr_schem_decr_schem_sch_tb/UUT/XLXI_213/XLXI_4/sb4/ : Warning: NUMERIC_STD.TO_INTEGER: metavalue detected, returning 0
at 0 ps, Instance /decr_schem_decr_schem_sch_tb/UUT/XLXI_213/XLXI_4/sb4/ : Warning: NUMERIC_STD.TO_INTEGER: metavalue detected, returning 0
at 0 ps, Instance /decr_schem_decr_schem_sch_tb/UUT/XLXI_213/XLXI_4/sb5/ : Warning: NUMERIC_STD.TO_INTEGER: metavalue detected, returning 0
at 0 ps, Instance /decr_schem_decr_schem_sch_tb/UUT/XLXI_213/XLXI_4/sb5/ : Warning: NUMERIC_STD.TO_INTEGER: metavalue detected, returning 0
at 0 ps, Instance /decr_schem_decr_schem_sch_tb/UUT/XLXI_213/XLXI_4/sb6/ : Warning: NUMERIC_STD.TO_INTEGER: metavalue detected, returning 0
at 0 ps, Instance /decr_schem_decr_schem_sch_tb/UUT/XLXI_213/XLXI_4/sb6/ : Warning: NUMERIC_STD.TO_INTEGER: metavalue detected, returning 0
at 0 ps, Instance /decr_schem_decr_schem_sch_tb/UUT/XLXI_213/XLXI_4/sb7/ : Warning: NUMERIC_STD.TO_INTEGER: metavalue detected, returning 0
at 0 ps, Instance /decr_schem_decr_schem_sch_tb/UUT/XLXI_213/XLXI_4/sb7/ : Warning: NUMERIC_STD.TO_INTEGER: metavalue detected, returning 0
at 0 ps, Instance /decr_schem_decr_schem_sch_tb/UUT/XLXI_214/XLXI_4/sb0/ : Warning: NUMERIC_STD.TO_INTEGER: metavalue detected, returning 0
at 0 ps, Instance /decr_schem_decr_schem_sch_tb/UUT/XLXI_214/XLXI_4/sb0/ : Warning: NUMERIC_STD.TO_INTEGER: metavalue detected, returning 0
at 0 ps, Instance /decr_schem_decr_schem_sch_tb/UUT/XLXI_214/XLXI_4/sb1/ : Warning: NUMERIC_STD.TO_INTEGER: metavalue detected, returning 0
at 0 ps, Instance /decr_schem_decr_schem_sch_tb/UUT/XLXI_214/XLXI_4/sb1/ : Warning: NUMERIC_STD.TO_INTEGER: metavalue detected, returning 0
at 0 ps, Instance /decr_schem_decr_schem_sch_tb/UUT/XLXI_214/XLXI_4/sb2/ : Warning: NUMERIC_STD.TO_INTEGER: metavalue detected, returning 0
at 0 ps, Instance /decr_schem_decr_schem_sch_tb/UUT/XLXI_214/XLXI_4/sb2/ : Warning: NUMERIC_STD.TO_INTEGER: metavalue detected, returning 0
at 0 ps, Instance /decr_schem_decr_schem_sch_tb/UUT/XLXI_214/XLXI_4/sb3/ : Warning: NUMERIC_STD.TO_INTEGER: metavalue detected, returning 0
at 0 ps, Instance /decr_schem_decr_schem_sch_tb/UUT/XLXI_214/XLXI_4/sb3/ : Warning: NUMERIC_STD.TO_INTEGER: metavalue detected, returning 0
at 0 ps, Instance /decr_schem_decr_schem_sch_tb/UUT/XLXI_214/XLXI_4/sb4/ : Warning: NUMERIC_STD.TO_INTEGER: metavalue detected, returning 0
at 0 ps, Instance /decr_schem_decr_schem_sch_tb/UUT/XLXI_214/XLXI_4/sb4/ : Warning: NUMERIC_STD.TO_INTEGER: metavalue detected, returning 0
at 0 ps, Instance /decr_schem_decr_schem_sch_tb/UUT/XLXI_214/XLXI_4/sb5/ : Warning: NUMERIC_STD.TO_INTEGER: metavalue detected, returning 0
at 0 ps, Instance /decr_schem_decr_schem_sch_tb/UUT/XLXI_214/XLXI_4/sb5/ : Warning: NUMERIC_STD.TO_INTEGER: metavalue detected, returning 0
at 0 ps, Instance /decr_schem_decr_schem_sch_tb/UUT/XLXI_214/XLXI_4/sb6/ : Warning: NUMERIC_STD.TO_INTEGER: metavalue detected, returning 0
at 0 ps, Instance /decr_schem_decr_schem_sch_tb/UUT/XLXI_214/XLXI_4/sb6/ : Warning: NUMERIC_STD.TO_INTEGER: metavalue detected, returning 0
at 0 ps, Instance /decr_schem_decr_schem_sch_tb/UUT/XLXI_214/XLXI_4/sb7/ : Warning: NUMERIC_STD.TO_INTEGER: metavalue detected, returning 0
at 0 ps, Instance /decr_schem_decr_schem_sch_tb/UUT/XLXI_214/XLXI_4/sb7/ : Warning: NUMERIC_STD.TO_INTEGER: metavalue detected, returning 0
at 0 ps, Instance /decr_schem_decr_schem_sch_tb/UUT/XLXI_215/XLXI_4/sb0/ : Warning: NUMERIC_STD.TO_INTEGER: metavalue detected, returning 0
at 0 ps, Instance /decr_schem_decr_schem_sch_tb/UUT/XLXI_215/XLXI_4/sb0/ : Warning: NUMERIC_STD.TO_INTEGER: metavalue detected, returning 0
at 0 ps, Instance /decr_schem_decr_schem_sch_tb/UUT/XLXI_215/XLXI_4/sb1/ : Warning: NUMERIC_STD.TO_INTEGER: metavalue detected, returning 0
at 0 ps, Instance /decr_schem_decr_schem_sch_tb/UUT/XLXI_215/XLXI_4/sb1/ : Warning: NUMERIC_STD.TO_INTEGER: metavalue detected, returning 0
at 0 ps, Instance /decr_schem_decr_schem_sch_tb/UUT/XLXI_215/XLXI_4/sb2/ : Warning: NUMERIC_STD.TO_INTEGER: metavalue detected, returning 0
at 0 ps, Instance /decr_schem_decr_schem_sch_tb/UUT/XLXI_215/XLXI_4/sb2/ : Warning: NUMERIC_STD.TO_INTEGER: metavalue detected, returning 0
at 0 ps, Instance /decr_schem_decr_schem_sch_tb/UUT/XLXI_215/XLXI_4/sb3/ : Warning: NUMERIC_STD.TO_INTEGER: metavalue detected, returning 0
at 0 ps, Instance /decr_schem_decr_schem_sch_tb/UUT/XLXI_215/XLXI_4/sb3/ : Warning: NUMERIC_STD.TO_INTEGER: metavalue detected, returning 0
at 0 ps, Instance /decr_schem_decr_schem_sch_tb/UUT/XLXI_215/XLXI_4/sb4/ : Warning: NUMERIC_STD.TO_INTEGER: metavalue detected, returning 0
at 0 ps, Instance /decr_schem_decr_schem_sch_tb/UUT/XLXI_215/XLXI_4/sb4/ : Warning: NUMERIC_STD.TO_INTEGER: metavalue detected, returning 0
at 0 ps, Instance /decr_schem_decr_schem_sch_tb/UUT/XLXI_215/XLXI_4/sb5/ : Warning: NUMERIC_STD.TO_INTEGER: metavalue detected, returning 0
at 0 ps, Instance /decr_schem_decr_schem_sch_tb/UUT/XLXI_215/XLXI_4/sb5/ : Warning: NUMERIC_STD.TO_INTEGER: metavalue detected, returning 0
at 0 ps, Instance /decr_schem_decr_schem_sch_tb/UUT/XLXI_215/XLXI_4/sb6/ : Warning: NUMERIC_STD.TO_INTEGER: metavalue detected, returning 0
at 0 ps, Instance /decr_schem_decr_schem_sch_tb/UUT/XLXI_215/XLXI_4/sb6/ : Warning: NUMERIC_STD.TO_INTEGER: metavalue detected, returning 0
at 0 ps, Instance /decr_schem_decr_schem_sch_tb/UUT/XLXI_215/XLXI_4/sb7/ : Warning: NUMERIC_STD.TO_INTEGER: metavalue detected, returning 0
at 0 ps, Instance /decr_schem_decr_schem_sch_tb/UUT/XLXI_215/XLXI_4/sb7/ : Warning: NUMERIC_STD.TO_INTEGER: metavalue detected, returning 0
at 0 ps, Instance /decr_schem_decr_schem_sch_tb/UUT/XLXI_218/XLXI_4/sb0/ : Warning: NUMERIC_STD.TO_INTEGER: metavalue detected, returning 0
at 0 ps, Instance /decr_schem_decr_schem_sch_tb/UUT/XLXI_218/XLXI_4/sb0/ : Warning: NUMERIC_STD.TO_INTEGER: metavalue detected, returning 0
at 0 ps, Instance /decr_schem_decr_schem_sch_tb/UUT/XLXI_218/XLXI_4/sb1/ : Warning: NUMERIC_STD.TO_INTEGER: metavalue detected, returning 0
at 0 ps, Instance /decr_schem_decr_schem_sch_tb/UUT/XLXI_218/XLXI_4/sb1/ : Warning: NUMERIC_STD.TO_INTEGER: metavalue detected, returning 0
at 0 ps, Instance /decr_schem_decr_schem_sch_tb/UUT/XLXI_218/XLXI_4/sb2/ : Warning: NUMERIC_STD.TO_INTEGER: metavalue detected, returning 0
at 0 ps, Instance /decr_schem_decr_schem_sch_tb/UUT/XLXI_218/XLXI_4/sb2/ : Warning: NUMERIC_STD.TO_INTEGER: metavalue detected, returning 0
at 0 ps, Instance /decr_schem_decr_schem_sch_tb/UUT/XLXI_218/XLXI_4/sb3/ : Warning: NUMERIC_STD.TO_INTEGER: metavalue detected, returning 0
at 0 ps, Instance /decr_schem_decr_schem_sch_tb/UUT/XLXI_218/XLXI_4/sb3/ : Warning: NUMERIC_STD.TO_INTEGER: metavalue detected, returning 0
at 0 ps, Instance /decr_schem_decr_schem_sch_tb/UUT/XLXI_218/XLXI_4/sb4/ : Warning: NUMERIC_STD.TO_INTEGER: metavalue detected, returning 0
at 0 ps, Instance /decr_schem_decr_schem_sch_tb/UUT/XLXI_218/XLXI_4/sb4/ : Warning: NUMERIC_STD.TO_INTEGER: metavalue detected, returning 0
at 0 ps, Instance /decr_schem_decr_schem_sch_tb/UUT/XLXI_218/XLXI_4/sb5/ : Warning: NUMERIC_STD.TO_INTEGER: metavalue detected, returning 0
at 0 ps, Instance /decr_schem_decr_schem_sch_tb/UUT/XLXI_218/XLXI_4/sb5/ : Warning: NUMERIC_STD.TO_INTEGER: metavalue detected, returning 0
at 0 ps, Instance /decr_schem_decr_schem_sch_tb/UUT/XLXI_218/XLXI_4/sb6/ : Warning: NUMERIC_STD.TO_INTEGER: metavalue detected, returning 0
at 0 ps, Instance /decr_schem_decr_schem_sch_tb/UUT/XLXI_218/XLXI_4/sb6/ : Warning: NUMERIC_STD.TO_INTEGER: metavalue detected, returning 0
at 0 ps, Instance /decr_schem_decr_schem_sch_tb/UUT/XLXI_218/XLXI_4/sb7/ : Warning: NUMERIC_STD.TO_INTEGER: metavalue detected, returning 0
at 0 ps, Instance /decr_schem_decr_schem_sch_tb/UUT/XLXI_218/XLXI_4/sb7/ : Warning: NUMERIC_STD.TO_INTEGER: metavalue detected, returning 0
at 0 ps, Instance /decr_schem_decr_schem_sch_tb/UUT/XLXI_219/XLXI_4/sb0/ : Warning: NUMERIC_STD.TO_INTEGER: metavalue detected, returning 0
at 0 ps, Instance /decr_schem_decr_schem_sch_tb/UUT/XLXI_219/XLXI_4/sb0/ : Warning: NUMERIC_STD.TO_INTEGER: metavalue detected, returning 0
at 0 ps, Instance /decr_schem_decr_schem_sch_tb/UUT/XLXI_219/XLXI_4/sb1/ : Warning: NUMERIC_STD.TO_INTEGER: metavalue detected, returning 0
at 0 ps, Instance /decr_schem_decr_schem_sch_tb/UUT/XLXI_219/XLXI_4/sb1/ : Warning: NUMERIC_STD.TO_INTEGER: metavalue detected, returning 0
at 0 ps, Instance /decr_schem_decr_schem_sch_tb/UUT/XLXI_219/XLXI_4/sb2/ : Warning: NUMERIC_STD.TO_INTEGER: metavalue detected, returning 0
at 0 ps, Instance /decr_schem_decr_schem_sch_tb/UUT/XLXI_219/XLXI_4/sb2/ : Warning: NUMERIC_STD.TO_INTEGER: metavalue detected, returning 0
at 0 ps, Instance /decr_schem_decr_schem_sch_tb/UUT/XLXI_219/XLXI_4/sb3/ : Warning: NUMERIC_STD.TO_INTEGER: metavalue detected, returning 0
at 0 ps, Instance /decr_schem_decr_schem_sch_tb/UUT/XLXI_219/XLXI_4/sb3/ : Warning: NUMERIC_STD.TO_INTEGER: metavalue detected, returning 0
at 0 ps, Instance /decr_schem_decr_schem_sch_tb/UUT/XLXI_219/XLXI_4/sb4/ : Warning: NUMERIC_STD.TO_INTEGER: metavalue detected, returning 0
at 0 ps, Instance /decr_schem_decr_schem_sch_tb/UUT/XLXI_219/XLXI_4/sb4/ : Warning: NUMERIC_STD.TO_INTEGER: metavalue detected, returning 0
at 0 ps, Instance /decr_schem_decr_schem_sch_tb/UUT/XLXI_219/XLXI_4/sb5/ : Warning: NUMERIC_STD.TO_INTEGER: metavalue detected, returning 0
at 0 ps, Instance /decr_schem_decr_schem_sch_tb/UUT/XLXI_219/XLXI_4/sb5/ : Warning: NUMERIC_STD.TO_INTEGER: metavalue detected, returning 0
at 0 ps, Instance /decr_schem_decr_schem_sch_tb/UUT/XLXI_219/XLXI_4/sb6/ : Warning: NUMERIC_STD.TO_INTEGER: metavalue detected, returning 0
at 0 ps, Instance /decr_schem_decr_schem_sch_tb/UUT/XLXI_219/XLXI_4/sb6/ : Warning: NUMERIC_STD.TO_INTEGER: metavalue detected, returning 0
at 0 ps, Instance /decr_schem_decr_schem_sch_tb/UUT/XLXI_219/XLXI_4/sb7/ : Warning: NUMERIC_STD.TO_INTEGER: metavalue detected, returning 0
at 0 ps, Instance /decr_schem_decr_schem_sch_tb/UUT/XLXI_219/XLXI_4/sb7/ : Warning: NUMERIC_STD.TO_INTEGER: metavalue detected, returning 0
at 0 ps, Instance /decr_schem_decr_schem_sch_tb/UUT/XLXI_220/XLXI_4/sb0/ : Warning: NUMERIC_STD.TO_INTEGER: metavalue detected, returning 0
at 0 ps, Instance /decr_schem_decr_schem_sch_tb/UUT/XLXI_220/XLXI_4/sb0/ : Warning: NUMERIC_STD.TO_INTEGER: metavalue detected, returning 0
at 0 ps, Instance /decr_schem_decr_schem_sch_tb/UUT/XLXI_220/XLXI_4/sb1/ : Warning: NUMERIC_STD.TO_INTEGER: metavalue detected, returning 0
at 0 ps, Instance /decr_schem_decr_schem_sch_tb/UUT/XLXI_220/XLXI_4/sb1/ : Warning: NUMERIC_STD.TO_INTEGER: metavalue detected, returning 0
at 0 ps, Instance /decr_schem_decr_schem_sch_tb/UUT/XLXI_220/XLXI_4/sb2/ : Warning: NUMERIC_STD.TO_INTEGER: metavalue detected, returning 0
at 0 ps, Instance /decr_schem_decr_schem_sch_tb/UUT/XLXI_220/XLXI_4/sb2/ : Warning: NUMERIC_STD.TO_INTEGER: metavalue detected, returning 0
at 0 ps, Instance /decr_schem_decr_schem_sch_tb/UUT/XLXI_220/XLXI_4/sb3/ : Warning: NUMERIC_STD.TO_INTEGER: metavalue detected, returning 0
at 0 ps, Instance /decr_schem_decr_schem_sch_tb/UUT/XLXI_220/XLXI_4/sb3/ : Warning: NUMERIC_STD.TO_INTEGER: metavalue detected, returning 0
at 0 ps, Instance /decr_schem_decr_schem_sch_tb/UUT/XLXI_220/XLXI_4/sb4/ : Warning: NUMERIC_STD.TO_INTEGER: metavalue detected, returning 0
at 0 ps, Instance /decr_schem_decr_schem_sch_tb/UUT/XLXI_220/XLXI_4/sb4/ : Warning: NUMERIC_STD.TO_INTEGER: metavalue detected, returning 0
at 0 ps, Instance /decr_schem_decr_schem_sch_tb/UUT/XLXI_220/XLXI_4/sb5/ : Warning: NUMERIC_STD.TO_INTEGER: metavalue detected, returning 0
at 0 ps, Instance /decr_schem_decr_schem_sch_tb/UUT/XLXI_220/XLXI_4/sb5/ : Warning: NUMERIC_STD.TO_INTEGER: metavalue detected, returning 0
at 0 ps, Instance /decr_schem_decr_schem_sch_tb/UUT/XLXI_220/XLXI_4/sb6/ : Warning: NUMERIC_STD.TO_INTEGER: metavalue detected, returning 0
at 0 ps, Instance /decr_schem_decr_schem_sch_tb/UUT/XLXI_220/XLXI_4/sb6/ : Warning: NUMERIC_STD.TO_INTEGER: metavalue detected, returning 0
at 0 ps, Instance /decr_schem_decr_schem_sch_tb/UUT/XLXI_220/XLXI_4/sb7/ : Warning: NUMERIC_STD.TO_INTEGER: metavalue detected, returning 0
at 0 ps, Instance /decr_schem_decr_schem_sch_tb/UUT/XLXI_220/XLXI_4/sb7/ : Warning: NUMERIC_STD.TO_INTEGER: metavalue detected, returning 0
at 0 ps, Instance /decr_schem_decr_schem_sch_tb/UUT/XLXI_221/XLXI_4/sb0/ : Warning: NUMERIC_STD.TO_INTEGER: metavalue detected, returning 0
at 0 ps, Instance /decr_schem_decr_schem_sch_tb/UUT/XLXI_221/XLXI_4/sb0/ : Warning: NUMERIC_STD.TO_INTEGER: metavalue detected, returning 0
at 0 ps, Instance /decr_schem_decr_schem_sch_tb/UUT/XLXI_221/XLXI_4/sb1/ : Warning: NUMERIC_STD.TO_INTEGER: metavalue detected, returning 0
at 0 ps, Instance /decr_schem_decr_schem_sch_tb/UUT/XLXI_221/XLXI_4/sb1/ : Warning: NUMERIC_STD.TO_INTEGER: metavalue detected, returning 0
at 0 ps, Instance /decr_schem_decr_schem_sch_tb/UUT/XLXI_221/XLXI_4/sb2/ : Warning: NUMERIC_STD.TO_INTEGER: metavalue detected, returning 0
at 0 ps, Instance /decr_schem_decr_schem_sch_tb/UUT/XLXI_221/XLXI_4/sb2/ : Warning: NUMERIC_STD.TO_INTEGER: metavalue detected, returning 0
at 0 ps, Instance /decr_schem_decr_schem_sch_tb/UUT/XLXI_221/XLXI_4/sb3/ : Warning: NUMERIC_STD.TO_INTEGER: metavalue detected, returning 0
at 0 ps, Instance /decr_schem_decr_schem_sch_tb/UUT/XLXI_221/XLXI_4/sb3/ : Warning: NUMERIC_STD.TO_INTEGER: metavalue detected, returning 0
at 0 ps, Instance /decr_schem_decr_schem_sch_tb/UUT/XLXI_221/XLXI_4/sb4/ : Warning: NUMERIC_STD.TO_INTEGER: metavalue detected, returning 0
at 0 ps, Instance /decr_schem_decr_schem_sch_tb/UUT/XLXI_221/XLXI_4/sb4/ : Warning: NUMERIC_STD.TO_INTEGER: metavalue detected, returning 0
at 0 ps, Instance /decr_schem_decr_schem_sch_tb/UUT/XLXI_221/XLXI_4/sb5/ : Warning: NUMERIC_STD.TO_INTEGER: metavalue detected, returning 0
at 0 ps, Instance /decr_schem_decr_schem_sch_tb/UUT/XLXI_221/XLXI_4/sb5/ : Warning: NUMERIC_STD.TO_INTEGER: metavalue detected, returning 0
at 0 ps, Instance /decr_schem_decr_schem_sch_tb/UUT/XLXI_221/XLXI_4/sb6/ : Warning: NUMERIC_STD.TO_INTEGER: metavalue detected, returning 0
at 0 ps, Instance /decr_schem_decr_schem_sch_tb/UUT/XLXI_221/XLXI_4/sb6/ : Warning: NUMERIC_STD.TO_INTEGER: metavalue detected, returning 0
at 0 ps, Instance /decr_schem_decr_schem_sch_tb/UUT/XLXI_221/XLXI_4/sb7/ : Warning: NUMERIC_STD.TO_INTEGER: metavalue detected, returning 0
at 0 ps, Instance /decr_schem_decr_schem_sch_tb/UUT/XLXI_221/XLXI_4/sb7/ : Warning: NUMERIC_STD.TO_INTEGER: metavalue detected, returning 0
at 0 ps, Instance /decr_schem_decr_schem_sch_tb/UUT/XLXI_222/XLXI_4/sb0/ : Warning: NUMERIC_STD.TO_INTEGER: metavalue detected, returning 0
at 0 ps, Instance /decr_schem_decr_schem_sch_tb/UUT/XLXI_222/XLXI_4/sb0/ : Warning: NUMERIC_STD.TO_INTEGER: metavalue detected, returning 0
at 0 ps, Instance /decr_schem_decr_schem_sch_tb/UUT/XLXI_222/XLXI_4/sb1/ : Warning: NUMERIC_STD.TO_INTEGER: metavalue detected, returning 0
at 0 ps, Instance /decr_schem_decr_schem_sch_tb/UUT/XLXI_222/XLXI_4/sb1/ : Warning: NUMERIC_STD.TO_INTEGER: metavalue detected, returning 0
at 0 ps, Instance /decr_schem_decr_schem_sch_tb/UUT/XLXI_222/XLXI_4/sb2/ : Warning: NUMERIC_STD.TO_INTEGER: metavalue detected, returning 0
at 0 ps, Instance /decr_schem_decr_schem_sch_tb/UUT/XLXI_222/XLXI_4/sb2/ : Warning: NUMERIC_STD.TO_INTEGER: metavalue detected, returning 0
at 0 ps, Instance /decr_schem_decr_schem_sch_tb/UUT/XLXI_222/XLXI_4/sb3/ : Warning: NUMERIC_STD.TO_INTEGER: metavalue detected, returning 0
at 0 ps, Instance /decr_schem_decr_schem_sch_tb/UUT/XLXI_222/XLXI_4/sb3/ : Warning: NUMERIC_STD.TO_INTEGER: metavalue detected, returning 0
at 0 ps, Instance /decr_schem_decr_schem_sch_tb/UUT/XLXI_222/XLXI_4/sb4/ : Warning: NUMERIC_STD.TO_INTEGER: metavalue detected, returning 0
at 0 ps, Instance /decr_schem_decr_schem_sch_tb/UUT/XLXI_222/XLXI_4/sb4/ : Warning: NUMERIC_STD.TO_INTEGER: metavalue detected, returning 0
at 0 ps, Instance /decr_schem_decr_schem_sch_tb/UUT/XLXI_222/XLXI_4/sb5/ : Warning: NUMERIC_STD.TO_INTEGER: metavalue detected, returning 0
at 0 ps, Instance /decr_schem_decr_schem_sch_tb/UUT/XLXI_222/XLXI_4/sb5/ : Warning: NUMERIC_STD.TO_INTEGER: metavalue detected, returning 0
at 0 ps, Instance /decr_schem_decr_schem_sch_tb/UUT/XLXI_222/XLXI_4/sb6/ : Warning: NUMERIC_STD.TO_INTEGER: metavalue detected, returning 0
at 0 ps, Instance /decr_schem_decr_schem_sch_tb/UUT/XLXI_222/XLXI_4/sb6/ : Warning: NUMERIC_STD.TO_INTEGER: metavalue detected, returning 0
at 0 ps, Instance /decr_schem_decr_schem_sch_tb/UUT/XLXI_222/XLXI_4/sb7/ : Warning: NUMERIC_STD.TO_INTEGER: metavalue detected, returning 0
at 0 ps, Instance /decr_schem_decr_schem_sch_tb/UUT/XLXI_222/XLXI_4/sb7/ : Warning: NUMERIC_STD.TO_INTEGER: metavalue detected, returning 0
at 0 ps, Instance /decr_schem_decr_schem_sch_tb/UUT/XLXI_224/XLXI_4/sb0/ : Warning: NUMERIC_STD.TO_INTEGER: metavalue detected, returning 0
at 0 ps, Instance /decr_schem_decr_schem_sch_tb/UUT/XLXI_224/XLXI_4/sb0/ : Warning: NUMERIC_STD.TO_INTEGER: metavalue detected, returning 0
at 0 ps, Instance /decr_schem_decr_schem_sch_tb/UUT/XLXI_224/XLXI_4/sb1/ : Warning: NUMERIC_STD.TO_INTEGER: metavalue detected, returning 0
at 0 ps, Instance /decr_schem_decr_schem_sch_tb/UUT/XLXI_224/XLXI_4/sb1/ : Warning: NUMERIC_STD.TO_INTEGER: metavalue detected, returning 0
at 0 ps, Instance /decr_schem_decr_schem_sch_tb/UUT/XLXI_224/XLXI_4/sb2/ : Warning: NUMERIC_STD.TO_INTEGER: metavalue detected, returning 0
at 0 ps, Instance /decr_schem_decr_schem_sch_tb/UUT/XLXI_224/XLXI_4/sb2/ : Warning: NUMERIC_STD.TO_INTEGER: metavalue detected, returning 0
at 0 ps, Instance /decr_schem_decr_schem_sch_tb/UUT/XLXI_224/XLXI_4/sb3/ : Warning: NUMERIC_STD.TO_INTEGER: metavalue detected, returning 0
at 0 ps, Instance /decr_schem_decr_schem_sch_tb/UUT/XLXI_224/XLXI_4/sb3/ : Warning: NUMERIC_STD.TO_INTEGER: metavalue detected, returning 0
at 0 ps, Instance /decr_schem_decr_schem_sch_tb/UUT/XLXI_224/XLXI_4/sb4/ : Warning: NUMERIC_STD.TO_INTEGER: metavalue detected, returning 0
at 0 ps, Instance /decr_schem_decr_schem_sch_tb/UUT/XLXI_224/XLXI_4/sb4/ : Warning: NUMERIC_STD.TO_INTEGER: metavalue detected, returning 0
at 0 ps, Instance /decr_schem_decr_schem_sch_tb/UUT/XLXI_224/XLXI_4/sb5/ : Warning: NUMERIC_STD.TO_INTEGER: metavalue detected, returning 0
at 0 ps, Instance /decr_schem_decr_schem_sch_tb/UUT/XLXI_224/XLXI_4/sb5/ : Warning: NUMERIC_STD.TO_INTEGER: metavalue detected, returning 0
at 0 ps, Instance /decr_schem_decr_schem_sch_tb/UUT/XLXI_224/XLXI_4/sb6/ : Warning: NUMERIC_STD.TO_INTEGER: metavalue detected, returning 0
at 0 ps, Instance /decr_schem_decr_schem_sch_tb/UUT/XLXI_224/XLXI_4/sb6/ : Warning: NUMERIC_STD.TO_INTEGER: metavalue detected, returning 0
at 0 ps, Instance /decr_schem_decr_schem_sch_tb/UUT/XLXI_224/XLXI_4/sb7/ : Warning: NUMERIC_STD.TO_INTEGER: metavalue detected, returning 0
at 0 ps, Instance /decr_schem_decr_schem_sch_tb/UUT/XLXI_224/XLXI_4/sb7/ : Warning: NUMERIC_STD.TO_INTEGER: metavalue detected, returning 0
at 0 ps, Instance /decr_schem_decr_schem_sch_tb/UUT/XLXI_237/XLXI_4/sb0/ : Warning: NUMERIC_STD.TO_INTEGER: metavalue detected, returning 0
at 0 ps, Instance /decr_schem_decr_schem_sch_tb/UUT/XLXI_237/XLXI_4/sb0/ : Warning: NUMERIC_STD.TO_INTEGER: metavalue detected, returning 0
at 0 ps, Instance /decr_schem_decr_schem_sch_tb/UUT/XLXI_237/XLXI_4/sb1/ : Warning: NUMERIC_STD.TO_INTEGER: metavalue detected, returning 0
at 0 ps, Instance /decr_schem_decr_schem_sch_tb/UUT/XLXI_237/XLXI_4/sb1/ : Warning: NUMERIC_STD.TO_INTEGER: metavalue detected, returning 0
at 0 ps, Instance /decr_schem_decr_schem_sch_tb/UUT/XLXI_237/XLXI_4/sb2/ : Warning: NUMERIC_STD.TO_INTEGER: metavalue detected, returning 0
at 0 ps, Instance /decr_schem_decr_schem_sch_tb/UUT/XLXI_237/XLXI_4/sb2/ : Warning: NUMERIC_STD.TO_INTEGER: metavalue detected, returning 0
at 0 ps, Instance /decr_schem_decr_schem_sch_tb/UUT/XLXI_237/XLXI_4/sb3/ : Warning: NUMERIC_STD.TO_INTEGER: metavalue detected, returning 0
at 0 ps, Instance /decr_schem_decr_schem_sch_tb/UUT/XLXI_237/XLXI_4/sb3/ : Warning: NUMERIC_STD.TO_INTEGER: metavalue detected, returning 0
at 0 ps, Instance /decr_schem_decr_schem_sch_tb/UUT/XLXI_237/XLXI_4/sb4/ : Warning: NUMERIC_STD.TO_INTEGER: metavalue detected, returning 0
at 0 ps, Instance /decr_schem_decr_schem_sch_tb/UUT/XLXI_237/XLXI_4/sb4/ : Warning: NUMERIC_STD.TO_INTEGER: metavalue detected, returning 0
at 0 ps, Instance /decr_schem_decr_schem_sch_tb/UUT/XLXI_237/XLXI_4/sb5/ : Warning: NUMERIC_STD.TO_INTEGER: metavalue detected, returning 0
at 0 ps, Instance /decr_schem_decr_schem_sch_tb/UUT/XLXI_237/XLXI_4/sb5/ : Warning: NUMERIC_STD.TO_INTEGER: metavalue detected, returning 0
at 0 ps, Instance /decr_schem_decr_schem_sch_tb/UUT/XLXI_237/XLXI_4/sb6/ : Warning: NUMERIC_STD.TO_INTEGER: metavalue detected, returning 0
at 0 ps, Instance /decr_schem_decr_schem_sch_tb/UUT/XLXI_237/XLXI_4/sb6/ : Warning: NUMERIC_STD.TO_INTEGER: metavalue detected, returning 0
at 0 ps, Instance /decr_schem_decr_schem_sch_tb/UUT/XLXI_237/XLXI_4/sb7/ : Warning: NUMERIC_STD.TO_INTEGER: metavalue detected, returning 0
at 0 ps, Instance /decr_schem_decr_schem_sch_tb/UUT/XLXI_237/XLXI_4/sb7/ : Warning: NUMERIC_STD.TO_INTEGER: metavalue detected, returning 0
at 0 ps, Instance /decr_schem_decr_schem_sch_tb/UUT/XLXI_238/XLXI_4/sb0/ : Warning: NUMERIC_STD.TO_INTEGER: metavalue detected, returning 0
at 0 ps, Instance /decr_schem_decr_schem_sch_tb/UUT/XLXI_238/XLXI_4/sb0/ : Warning: NUMERIC_STD.TO_INTEGER: metavalue detected, returning 0
at 0 ps, Instance /decr_schem_decr_schem_sch_tb/UUT/XLXI_238/XLXI_4/sb1/ : Warning: NUMERIC_STD.TO_INTEGER: metavalue detected, returning 0
at 0 ps, Instance /decr_schem_decr_schem_sch_tb/UUT/XLXI_238/XLXI_4/sb1/ : Warning: NUMERIC_STD.TO_INTEGER: metavalue detected, returning 0
at 0 ps, Instance /decr_schem_decr_schem_sch_tb/UUT/XLXI_238/XLXI_4/sb2/ : Warning: NUMERIC_STD.TO_INTEGER: metavalue detected, returning 0
at 0 ps, Instance /decr_schem_decr_schem_sch_tb/UUT/XLXI_238/XLXI_4/sb2/ : Warning: NUMERIC_STD.TO_INTEGER: metavalue detected, returning 0
at 0 ps, Instance /decr_schem_decr_schem_sch_tb/UUT/XLXI_238/XLXI_4/sb3/ : Warning: NUMERIC_STD.TO_INTEGER: metavalue detected, returning 0
at 0 ps, Instance /decr_schem_decr_schem_sch_tb/UUT/XLXI_238/XLXI_4/sb3/ : Warning: NUMERIC_STD.TO_INTEGER: metavalue detected, returning 0
at 0 ps, Instance /decr_schem_decr_schem_sch_tb/UUT/XLXI_238/XLXI_4/sb4/ : Warning: NUMERIC_STD.TO_INTEGER: metavalue detected, returning 0
at 0 ps, Instance /decr_schem_decr_schem_sch_tb/UUT/XLXI_238/XLXI_4/sb4/ : Warning: NUMERIC_STD.TO_INTEGER: metavalue detected, returning 0
at 0 ps, Instance /decr_schem_decr_schem_sch_tb/UUT/XLXI_238/XLXI_4/sb5/ : Warning: NUMERIC_STD.TO_INTEGER: metavalue detected, returning 0
at 0 ps, Instance /decr_schem_decr_schem_sch_tb/UUT/XLXI_238/XLXI_4/sb5/ : Warning: NUMERIC_STD.TO_INTEGER: metavalue detected, returning 0
at 0 ps, Instance /decr_schem_decr_schem_sch_tb/UUT/XLXI_238/XLXI_4/sb6/ : Warning: NUMERIC_STD.TO_INTEGER: metavalue detected, returning 0
at 0 ps, Instance /decr_schem_decr_schem_sch_tb/UUT/XLXI_238/XLXI_4/sb6/ : Warning: NUMERIC_STD.TO_INTEGER: metavalue detected, returning 0
at 0 ps, Instance /decr_schem_decr_schem_sch_tb/UUT/XLXI_238/XLXI_4/sb7/ : Warning: NUMERIC_STD.TO_INTEGER: metavalue detected, returning 0
at 0 ps, Instance /decr_schem_decr_schem_sch_tb/UUT/XLXI_238/XLXI_4/sb7/ : Warning: NUMERIC_STD.TO_INTEGER: metavalue detected, returning 0
at 0 ps, Instance /decr_schem_decr_schem_sch_tb/UUT/XLXI_239/XLXI_4/sb0/ : Warning: NUMERIC_STD.TO_INTEGER: metavalue detected, returning 0
at 0 ps, Instance /decr_schem_decr_schem_sch_tb/UUT/XLXI_239/XLXI_4/sb0/ : Warning: NUMERIC_STD.TO_INTEGER: metavalue detected, returning 0
at 0 ps, Instance /decr_schem_decr_schem_sch_tb/UUT/XLXI_239/XLXI_4/sb1/ : Warning: NUMERIC_STD.TO_INTEGER: metavalue detected, returning 0
at 0 ps, Instance /decr_schem_decr_schem_sch_tb/UUT/XLXI_239/XLXI_4/sb1/ : Warning: NUMERIC_STD.TO_INTEGER: metavalue detected, returning 0
at 0 ps, Instance /decr_schem_decr_schem_sch_tb/UUT/XLXI_239/XLXI_4/sb2/ : Warning: NUMERIC_STD.TO_INTEGER: metavalue detected, returning 0
at 0 ps, Instance /decr_schem_decr_schem_sch_tb/UUT/XLXI_239/XLXI_4/sb2/ : Warning: NUMERIC_STD.TO_INTEGER: metavalue detected, returning 0
at 0 ps, Instance /decr_schem_decr_schem_sch_tb/UUT/XLXI_239/XLXI_4/sb3/ : Warning: NUMERIC_STD.TO_INTEGER: metavalue detected, returning 0
at 0 ps, Instance /decr_schem_decr_schem_sch_tb/UUT/XLXI_239/XLXI_4/sb3/ : Warning: NUMERIC_STD.TO_INTEGER: metavalue detected, returning 0
at 0 ps, Instance /decr_schem_decr_schem_sch_tb/UUT/XLXI_239/XLXI_4/sb4/ : Warning: NUMERIC_STD.TO_INTEGER: metavalue detected, returning 0
at 0 ps, Instance /decr_schem_decr_schem_sch_tb/UUT/XLXI_239/XLXI_4/sb4/ : Warning: NUMERIC_STD.TO_INTEGER: metavalue detected, returning 0
at 0 ps, Instance /decr_schem_decr_schem_sch_tb/UUT/XLXI_239/XLXI_4/sb5/ : Warning: NUMERIC_STD.TO_INTEGER: metavalue detected, returning 0
at 0 ps, Instance /decr_schem_decr_schem_sch_tb/UUT/XLXI_239/XLXI_4/sb5/ : Warning: NUMERIC_STD.TO_INTEGER: metavalue detected, returning 0
at 0 ps, Instance /decr_schem_decr_schem_sch_tb/UUT/XLXI_239/XLXI_4/sb6/ : Warning: NUMERIC_STD.TO_INTEGER: metavalue detected, returning 0
at 0 ps, Instance /decr_schem_decr_schem_sch_tb/UUT/XLXI_239/XLXI_4/sb6/ : Warning: NUMERIC_STD.TO_INTEGER: metavalue detected, returning 0
at 0 ps, Instance /decr_schem_decr_schem_sch_tb/UUT/XLXI_239/XLXI_4/sb7/ : Warning: NUMERIC_STD.TO_INTEGER: metavalue detected, returning 0
at 0 ps, Instance /decr_schem_decr_schem_sch_tb/UUT/XLXI_239/XLXI_4/sb7/ : Warning: NUMERIC_STD.TO_INTEGER: metavalue detected, returning 0
at 0 ps, Instance /decr_schem_decr_schem_sch_tb/UUT/XLXI_240/XLXI_4/sb0/ : Warning: NUMERIC_STD.TO_INTEGER: metavalue detected, returning 0
at 0 ps, Instance /decr_schem_decr_schem_sch_tb/UUT/XLXI_240/XLXI_4/sb0/ : Warning: NUMERIC_STD.TO_INTEGER: metavalue detected, returning 0
at 0 ps, Instance /decr_schem_decr_schem_sch_tb/UUT/XLXI_240/XLXI_4/sb1/ : Warning: NUMERIC_STD.TO_INTEGER: metavalue detected, returning 0
at 0 ps, Instance /decr_schem_decr_schem_sch_tb/UUT/XLXI_240/XLXI_4/sb1/ : Warning: NUMERIC_STD.TO_INTEGER: metavalue detected, returning 0
at 0 ps, Instance /decr_schem_decr_schem_sch_tb/UUT/XLXI_240/XLXI_4/sb2/ : Warning: NUMERIC_STD.TO_INTEGER: metavalue detected, returning 0
at 0 ps, Instance /decr_schem_decr_schem_sch_tb/UUT/XLXI_240/XLXI_4/sb2/ : Warning: NUMERIC_STD.TO_INTEGER: metavalue detected, returning 0
at 0 ps, Instance /decr_schem_decr_schem_sch_tb/UUT/XLXI_240/XLXI_4/sb3/ : Warning: NUMERIC_STD.TO_INTEGER: metavalue detected, returning 0
at 0 ps, Instance /decr_schem_decr_schem_sch_tb/UUT/XLXI_240/XLXI_4/sb3/ : Warning: NUMERIC_STD.TO_INTEGER: metavalue detected, returning 0
at 0 ps, Instance /decr_schem_decr_schem_sch_tb/UUT/XLXI_240/XLXI_4/sb4/ : Warning: NUMERIC_STD.TO_INTEGER: metavalue detected, returning 0
at 0 ps, Instance /decr_schem_decr_schem_sch_tb/UUT/XLXI_240/XLXI_4/sb4/ : Warning: NUMERIC_STD.TO_INTEGER: metavalue detected, returning 0
at 0 ps, Instance /decr_schem_decr_schem_sch_tb/UUT/XLXI_240/XLXI_4/sb5/ : Warning: NUMERIC_STD.TO_INTEGER: metavalue detected, returning 0
at 0 ps, Instance /decr_schem_decr_schem_sch_tb/UUT/XLXI_240/XLXI_4/sb5/ : Warning: NUMERIC_STD.TO_INTEGER: metavalue detected, returning 0
at 0 ps, Instance /decr_schem_decr_schem_sch_tb/UUT/XLXI_240/XLXI_4/sb6/ : Warning: NUMERIC_STD.TO_INTEGER: metavalue detected, returning 0
at 0 ps, Instance /decr_schem_decr_schem_sch_tb/UUT/XLXI_240/XLXI_4/sb6/ : Warning: NUMERIC_STD.TO_INTEGER: metavalue detected, returning 0
at 0 ps, Instance /decr_schem_decr_schem_sch_tb/UUT/XLXI_240/XLXI_4/sb7/ : Warning: NUMERIC_STD.TO_INTEGER: metavalue detected, returning 0
at 0 ps, Instance /decr_schem_decr_schem_sch_tb/UUT/XLXI_240/XLXI_4/sb7/ : Warning: NUMERIC_STD.TO_INTEGER: metavalue detected, returning 0
Finished circuit initialization process.
at 0 ps, Instance /decr_schem_decr_schem_sch_tb/UUT/XLXI_204/XLXI_4/sb0/ : Warning: NUMERIC_STD.TO_INTEGER: metavalue detected, returning 0
at 0 ps, Instance /decr_schem_decr_schem_sch_tb/UUT/XLXI_204/XLXI_4/sb0/ : Warning: NUMERIC_STD.TO_INTEGER: metavalue detected, returning 0
at 0 ps, Instance /decr_schem_decr_schem_sch_tb/UUT/XLXI_204/XLXI_4/sb1/ : Warning: NUMERIC_STD.TO_INTEGER: metavalue detected, returning 0
at 0 ps, Instance /decr_schem_decr_schem_sch_tb/UUT/XLXI_204/XLXI_4/sb1/ : Warning: NUMERIC_STD.TO_INTEGER: metavalue detected, returning 0
at 0 ps, Instance /decr_schem_decr_schem_sch_tb/UUT/XLXI_204/XLXI_4/sb2/ : Warning: NUMERIC_STD.TO_INTEGER: metavalue detected, returning 0
at 0 ps, Instance /decr_schem_decr_schem_sch_tb/UUT/XLXI_204/XLXI_4/sb2/ : Warning: NUMERIC_STD.TO_INTEGER: metavalue detected, returning 0
at 0 ps, Instance /decr_schem_decr_schem_sch_tb/UUT/XLXI_204/XLXI_4/sb3/ : Warning: NUMERIC_STD.TO_INTEGER: metavalue detected, returning 0
at 0 ps, Instance /decr_schem_decr_schem_sch_tb/UUT/XLXI_204/XLXI_4/sb3/ : Warning: NUMERIC_STD.TO_INTEGER: metavalue detected, returning 0
at 0 ps, Instance /decr_schem_decr_schem_sch_tb/UUT/XLXI_204/XLXI_4/sb4/ : Warning: NUMERIC_STD.TO_INTEGER: metavalue detected, returning 0
at 0 ps, Instance /decr_schem_decr_schem_sch_tb/UUT/XLXI_204/XLXI_4/sb4/ : Warning: NUMERIC_STD.TO_INTEGER: metavalue detected, returning 0
at 0 ps, Instance /decr_schem_decr_schem_sch_tb/UUT/XLXI_204/XLXI_4/sb5/ : Warning: NUMERIC_STD.TO_INTEGER: metavalue detected, returning 0
at 0 ps, Instance /decr_schem_decr_schem_sch_tb/UUT/XLXI_204/XLXI_4/sb5/ : Warning: NUMERIC_STD.TO_INTEGER: metavalue detected, returning 0
at 0 ps, Instance /decr_schem_decr_schem_sch_tb/UUT/XLXI_204/XLXI_4/sb6/ : Warning: NUMERIC_STD.TO_INTEGER: metavalue detected, returning 0
at 0 ps, Instance /decr_schem_decr_schem_sch_tb/UUT/XLXI_204/XLXI_4/sb6/ : Warning: NUMERIC_STD.TO_INTEGER: metavalue detected, returning 0
at 0 ps, Instance /decr_schem_decr_schem_sch_tb/UUT/XLXI_204/XLXI_4/sb7/ : Warning: NUMERIC_STD.TO_INTEGER: metavalue detected, returning 0
at 0 ps, Instance /decr_schem_decr_schem_sch_tb/UUT/XLXI_204/XLXI_4/sb7/ : Warning: NUMERIC_STD.TO_INTEGER: metavalue detected, returning 0
at 0 ps, Instance /decr_schem_decr_schem_sch_tb/UUT/XLXI_211/XLXI_4/sb0/ : Warning: NUMERIC_STD.TO_INTEGER: metavalue detected, returning 0
at 0 ps, Instance /decr_schem_decr_schem_sch_tb/UUT/XLXI_211/XLXI_4/sb0/ : Warning: NUMERIC_STD.TO_INTEGER: metavalue detected, returning 0
at 0 ps, Instance /decr_schem_decr_schem_sch_tb/UUT/XLXI_211/XLXI_4/sb1/ : Warning: NUMERIC_STD.TO_INTEGER: metavalue detected, returning 0
at 0 ps, Instance /decr_schem_decr_schem_sch_tb/UUT/XLXI_211/XLXI_4/sb1/ : Warning: NUMERIC_STD.TO_INTEGER: metavalue detected, returning 0
at 0 ps, Instance /decr_schem_decr_schem_sch_tb/UUT/XLXI_211/XLXI_4/sb2/ : Warning: NUMERIC_STD.TO_INTEGER: metavalue detected, returning 0
at 0 ps, Instance /decr_schem_decr_schem_sch_tb/UUT/XLXI_211/XLXI_4/sb2/ : Warning: NUMERIC_STD.TO_INTEGER: metavalue detected, returning 0
at 0 ps, Instance /decr_schem_decr_schem_sch_tb/UUT/XLXI_211/XLXI_4/sb3/ : Warning: NUMERIC_STD.TO_INTEGER: metavalue detected, returning 0
at 0 ps, Instance /decr_schem_decr_schem_sch_tb/UUT/XLXI_211/XLXI_4/sb3/ : Warning: NUMERIC_STD.TO_INTEGER: metavalue detected, returning 0
at 0 ps, Instance /decr_schem_decr_schem_sch_tb/UUT/XLXI_211/XLXI_4/sb4/ : Warning: NUMERIC_STD.TO_INTEGER: metavalue detected, returning 0
at 0 ps, Instance /decr_schem_decr_schem_sch_tb/UUT/XLXI_211/XLXI_4/sb4/ : Warning: NUMERIC_STD.TO_INTEGER: metavalue detected, returning 0
at 0 ps, Instance /decr_schem_decr_schem_sch_tb/UUT/XLXI_211/XLXI_4/sb5/ : Warning: NUMERIC_STD.TO_INTEGER: metavalue detected, returning 0
at 0 ps, Instance /decr_schem_decr_schem_sch_tb/UUT/XLXI_211/XLXI_4/sb5/ : Warning: NUMERIC_STD.TO_INTEGER: metavalue detected, returning 0
at 0 ps, Instance /decr_schem_decr_schem_sch_tb/UUT/XLXI_211/XLXI_4/sb6/ : Warning: NUMERIC_STD.TO_INTEGER: metavalue detected, returning 0
at 0 ps, Instance /decr_schem_decr_schem_sch_tb/UUT/XLXI_211/XLXI_4/sb6/ : Warning: NUMERIC_STD.TO_INTEGER: metavalue detected, returning 0
at 0 ps, Instance /decr_schem_decr_schem_sch_tb/UUT/XLXI_211/XLXI_4/sb7/ : Warning: NUMERIC_STD.TO_INTEGER: metavalue detected, returning 0
at 0 ps, Instance /decr_schem_decr_schem_sch_tb/UUT/XLXI_211/XLXI_4/sb7/ : Warning: NUMERIC_STD.TO_INTEGER: metavalue detected, returning 0
at 0 ps, Instance /decr_schem_decr_schem_sch_tb/UUT/XLXI_212/XLXI_4/sb0/ : Warning: NUMERIC_STD.TO_INTEGER: metavalue detected, returning 0
at 0 ps, Instance /decr_schem_decr_schem_sch_tb/UUT/XLXI_212/XLXI_4/sb0/ : Warning: NUMERIC_STD.TO_INTEGER: metavalue detected, returning 0
at 0 ps, Instance /decr_schem_decr_schem_sch_tb/UUT/XLXI_212/XLXI_4/sb1/ : Warning: NUMERIC_STD.TO_INTEGER: metavalue detected, returning 0
at 0 ps, Instance /decr_schem_decr_schem_sch_tb/UUT/XLXI_212/XLXI_4/sb1/ : Warning: NUMERIC_STD.TO_INTEGER: metavalue detected, returning 0
at 0 ps, Instance /decr_schem_decr_schem_sch_tb/UUT/XLXI_212/XLXI_4/sb2/ : Warning: NUMERIC_STD.TO_INTEGER: metavalue detected, returning 0
at 0 ps, Instance /decr_schem_decr_schem_sch_tb/UUT/XLXI_212/XLXI_4/sb2/ : Warning: NUMERIC_STD.TO_INTEGER: metavalue detected, returning 0
at 0 ps, Instance /decr_schem_decr_schem_sch_tb/UUT/XLXI_212/XLXI_4/sb3/ : Warning: NUMERIC_STD.TO_INTEGER: metavalue detected, returning 0
at 0 ps, Instance /decr_schem_decr_schem_sch_tb/UUT/XLXI_212/XLXI_4/sb3/ : Warning: NUMERIC_STD.TO_INTEGER: metavalue detected, returning 0
at 0 ps, Instance /decr_schem_decr_schem_sch_tb/UUT/XLXI_212/XLXI_4/sb4/ : Warning: NUMERIC_STD.TO_INTEGER: metavalue detected, returning 0
at 0 ps, Instance /decr_schem_decr_schem_sch_tb/UUT/XLXI_212/XLXI_4/sb4/ : Warning: NUMERIC_STD.TO_INTEGER: metavalue detected, returning 0
at 0 ps, Instance /decr_schem_decr_schem_sch_tb/UUT/XLXI_212/XLXI_4/sb5/ : Warning: NUMERIC_STD.TO_INTEGER: metavalue detected, returning 0
at 0 ps, Instance /decr_schem_decr_schem_sch_tb/UUT/XLXI_212/XLXI_4/sb5/ : Warning: NUMERIC_STD.TO_INTEGER: metavalue detected, returning 0
at 0 ps, Instance /decr_schem_decr_schem_sch_tb/UUT/XLXI_212/XLXI_4/sb6/ : Warning: NUMERIC_STD.TO_INTEGER: metavalue detected, returning 0
at 0 ps, Instance /decr_schem_decr_schem_sch_tb/UUT/XLXI_212/XLXI_4/sb6/ : Warning: NUMERIC_STD.TO_INTEGER: metavalue detected, returning 0
at 0 ps, Instance /decr_schem_decr_schem_sch_tb/UUT/XLXI_212/XLXI_4/sb7/ : Warning: NUMERIC_STD.TO_INTEGER: metavalue detected, returning 0
at 0 ps, Instance /decr_schem_decr_schem_sch_tb/UUT/XLXI_212/XLXI_4/sb7/ : Warning: NUMERIC_STD.TO_INTEGER: metavalue detected, returning 0
at 0 ps, Instance /decr_schem_decr_schem_sch_tb/UUT/XLXI_213/XLXI_4/sb0/ : Warning: NUMERIC_STD.TO_INTEGER: metavalue detected, returning 0
at 0 ps, Instance /decr_schem_decr_schem_sch_tb/UUT/XLXI_213/XLXI_4/sb0/ : Warning: NUMERIC_STD.TO_INTEGER: metavalue detected, returning 0
at 0 ps, Instance /decr_schem_decr_schem_sch_tb/UUT/XLXI_213/XLXI_4/sb1/ : Warning: NUMERIC_STD.TO_INTEGER: metavalue detected, returning 0
at 0 ps, Instance /decr_schem_decr_schem_sch_tb/UUT/XLXI_213/XLXI_4/sb1/ : Warning: NUMERIC_STD.TO_INTEGER: metavalue detected, returning 0
at 0 ps, Instance /decr_schem_decr_schem_sch_tb/UUT/XLXI_213/XLXI_4/sb2/ : Warning: NUMERIC_STD.TO_INTEGER: metavalue detected, returning 0
at 0 ps, Instance /decr_schem_decr_schem_sch_tb/UUT/XLXI_213/XLXI_4/sb2/ : Warning: NUMERIC_STD.TO_INTEGER: metavalue detected, returning 0
at 0 ps, Instance /decr_schem_decr_schem_sch_tb/UUT/XLXI_213/XLXI_4/sb3/ : Warning: NUMERIC_STD.TO_INTEGER: metavalue detected, returning 0
at 0 ps, Instance /decr_schem_decr_schem_sch_tb/UUT/XLXI_213/XLXI_4/sb3/ : Warning: NUMERIC_STD.TO_INTEGER: metavalue detected, returning 0
at 0 ps, Instance /decr_schem_decr_schem_sch_tb/UUT/XLXI_213/XLXI_4/sb4/ : Warning: NUMERIC_STD.TO_INTEGER: metavalue detected, returning 0
at 0 ps, Instance /decr_schem_decr_schem_sch_tb/UUT/XLXI_213/XLXI_4/sb4/ : Warning: NUMERIC_STD.TO_INTEGER: metavalue detected, returning 0
at 0 ps, Instance /decr_schem_decr_schem_sch_tb/UUT/XLXI_213/XLXI_4/sb5/ : Warning: NUMERIC_STD.TO_INTEGER: metavalue detected, returning 0
at 0 ps, Instance /decr_schem_decr_schem_sch_tb/UUT/XLXI_213/XLXI_4/sb5/ : Warning: NUMERIC_STD.TO_INTEGER: metavalue detected, returning 0
at 0 ps, Instance /decr_schem_decr_schem_sch_tb/UUT/XLXI_213/XLXI_4/sb6/ : Warning: NUMERIC_STD.TO_INTEGER: metavalue detected, returning 0
at 0 ps, Instance /decr_schem_decr_schem_sch_tb/UUT/XLXI_213/XLXI_4/sb6/ : Warning: NUMERIC_STD.TO_INTEGER: metavalue detected, returning 0
at 0 ps, Instance /decr_schem_decr_schem_sch_tb/UUT/XLXI_213/XLXI_4/sb7/ : Warning: NUMERIC_STD.TO_INTEGER: metavalue detected, returning 0
at 0 ps, Instance /decr_schem_decr_schem_sch_tb/UUT/XLXI_213/XLXI_4/sb7/ : Warning: NUMERIC_STD.TO_INTEGER: metavalue detected, returning 0
at 0 ps, Instance /decr_schem_decr_schem_sch_tb/UUT/XLXI_214/XLXI_4/sb0/ : Warning: NUMERIC_STD.TO_INTEGER: metavalue detected, returning 0
at 0 ps, Instance /decr_schem_decr_schem_sch_tb/UUT/XLXI_214/XLXI_4/sb0/ : Warning: NUMERIC_STD.TO_INTEGER: metavalue detected, returning 0
at 0 ps, Instance /decr_schem_decr_schem_sch_tb/UUT/XLXI_214/XLXI_4/sb1/ : Warning: NUMERIC_STD.TO_INTEGER: metavalue detected, returning 0
at 0 ps, Instance /decr_schem_decr_schem_sch_tb/UUT/XLXI_214/XLXI_4/sb1/ : Warning: NUMERIC_STD.TO_INTEGER: metavalue detected, returning 0
at 0 ps, Instance /decr_schem_decr_schem_sch_tb/UUT/XLXI_214/XLXI_4/sb2/ : Warning: NUMERIC_STD.TO_INTEGER: metavalue detected, returning 0
at 0 ps, Instance /decr_schem_decr_schem_sch_tb/UUT/XLXI_214/XLXI_4/sb2/ : Warning: NUMERIC_STD.TO_INTEGER: metavalue detected, returning 0
at 0 ps, Instance /decr_schem_decr_schem_sch_tb/UUT/XLXI_214/XLXI_4/sb3/ : Warning: NUMERIC_STD.TO_INTEGER: metavalue detected, returning 0
at 0 ps, Instance /decr_schem_decr_schem_sch_tb/UUT/XLXI_214/XLXI_4/sb3/ : Warning: NUMERIC_STD.TO_INTEGER: metavalue detected, returning 0
at 0 ps, Instance /decr_schem_decr_schem_sch_tb/UUT/XLXI_214/XLXI_4/sb4/ : Warning: NUMERIC_STD.TO_INTEGER: metavalue detected, returning 0
at 0 ps, Instance /decr_schem_decr_schem_sch_tb/UUT/XLXI_214/XLXI_4/sb4/ : Warning: NUMERIC_STD.TO_INTEGER: metavalue detected, returning 0
at 0 ps, Instance /decr_schem_decr_schem_sch_tb/UUT/XLXI_214/XLXI_4/sb5/ : Warning: NUMERIC_STD.TO_INTEGER: metavalue detected, returning 0
at 0 ps, Instance /decr_schem_decr_schem_sch_tb/UUT/XLXI_214/XLXI_4/sb5/ : Warning: NUMERIC_STD.TO_INTEGER: metavalue detected, returning 0
at 0 ps, Instance /decr_schem_decr_schem_sch_tb/UUT/XLXI_214/XLXI_4/sb6/ : Warning: NUMERIC_STD.TO_INTEGER: metavalue detected, returning 0
at 0 ps, Instance /decr_schem_decr_schem_sch_tb/UUT/XLXI_214/XLXI_4/sb6/ : Warning: NUMERIC_STD.TO_INTEGER: metavalue detected, returning 0
at 0 ps, Instance /decr_schem_decr_schem_sch_tb/UUT/XLXI_214/XLXI_4/sb7/ : Warning: NUMERIC_STD.TO_INTEGER: metavalue detected, returning 0
at 0 ps, Instance /decr_schem_decr_schem_sch_tb/UUT/XLXI_214/XLXI_4/sb7/ : Warning: NUMERIC_STD.TO_INTEGER: metavalue detected, returning 0
at 0 ps, Instance /decr_schem_decr_schem_sch_tb/UUT/XLXI_215/XLXI_4/sb0/ : Warning: NUMERIC_STD.TO_INTEGER: metavalue detected, returning 0
at 0 ps, Instance /decr_schem_decr_schem_sch_tb/UUT/XLXI_215/XLXI_4/sb0/ : Warning: NUMERIC_STD.TO_INTEGER: metavalue detected, returning 0
at 0 ps, Instance /decr_schem_decr_schem_sch_tb/UUT/XLXI_215/XLXI_4/sb1/ : Warning: NUMERIC_STD.TO_INTEGER: metavalue detected, returning 0
at 0 ps, Instance /decr_schem_decr_schem_sch_tb/UUT/XLXI_215/XLXI_4/sb1/ : Warning: NUMERIC_STD.TO_INTEGER: metavalue detected, returning 0
at 0 ps, Instance /decr_schem_decr_schem_sch_tb/UUT/XLXI_215/XLXI_4/sb2/ : Warning: NUMERIC_STD.TO_INTEGER: metavalue detected, returning 0
at 0 ps, Instance /decr_schem_decr_schem_sch_tb/UUT/XLXI_215/XLXI_4/sb2/ : Warning: NUMERIC_STD.TO_INTEGER: metavalue detected, returning 0
at 0 ps, Instance /decr_schem_decr_schem_sch_tb/UUT/XLXI_215/XLXI_4/sb3/ : Warning: NUMERIC_STD.TO_INTEGER: metavalue detected, returning 0
at 0 ps, Instance /decr_schem_decr_schem_sch_tb/UUT/XLXI_215/XLXI_4/sb3/ : Warning: NUMERIC_STD.TO_INTEGER: metavalue detected, returning 0
at 0 ps, Instance /decr_schem_decr_schem_sch_tb/UUT/XLXI_215/XLXI_4/sb4/ : Warning: NUMERIC_STD.TO_INTEGER: metavalue detected, returning 0
at 0 ps, Instance /decr_schem_decr_schem_sch_tb/UUT/XLXI_215/XLXI_4/sb4/ : Warning: NUMERIC_STD.TO_INTEGER: metavalue detected, returning 0
at 0 ps, Instance /decr_schem_decr_schem_sch_tb/UUT/XLXI_215/XLXI_4/sb5/ : Warning: NUMERIC_STD.TO_INTEGER: metavalue detected, returning 0
at 0 ps, Instance /decr_schem_decr_schem_sch_tb/UUT/XLXI_215/XLXI_4/sb5/ : Warning: NUMERIC_STD.TO_INTEGER: metavalue detected, returning 0
at 0 ps, Instance /decr_schem_decr_schem_sch_tb/UUT/XLXI_215/XLXI_4/sb6/ : Warning: NUMERIC_STD.TO_INTEGER: metavalue detected, returning 0
at 0 ps, Instance /decr_schem_decr_schem_sch_tb/UUT/XLXI_215/XLXI_4/sb6/ : Warning: NUMERIC_STD.TO_INTEGER: metavalue detected, returning 0
at 0 ps, Instance /decr_schem_decr_schem_sch_tb/UUT/XLXI_215/XLXI_4/sb7/ : Warning: NUMERIC_STD.TO_INTEGER: metavalue detected, returning 0
at 0 ps, Instance /decr_schem_decr_schem_sch_tb/UUT/XLXI_215/XLXI_4/sb7/ : Warning: NUMERIC_STD.TO_INTEGER: metavalue detected, returning 0
at 0 ps, Instance /decr_schem_decr_schem_sch_tb/UUT/XLXI_218/XLXI_4/sb0/ : Warning: NUMERIC_STD.TO_INTEGER: metavalue detected, returning 0
at 0 ps, Instance /decr_schem_decr_schem_sch_tb/UUT/XLXI_218/XLXI_4/sb0/ : Warning: NUMERIC_STD.TO_INTEGER: metavalue detected, returning 0
at 0 ps, Instance /decr_schem_decr_schem_sch_tb/UUT/XLXI_218/XLXI_4/sb1/ : Warning: NUMERIC_STD.TO_INTEGER: metavalue detected, returning 0
at 0 ps, Instance /decr_schem_decr_schem_sch_tb/UUT/XLXI_218/XLXI_4/sb1/ : Warning: NUMERIC_STD.TO_INTEGER: metavalue detected, returning 0
at 0 ps, Instance /decr_schem_decr_schem_sch_tb/UUT/XLXI_218/XLXI_4/sb2/ : Warning: NUMERIC_STD.TO_INTEGER: metavalue detected, returning 0
at 0 ps, Instance /decr_schem_decr_schem_sch_tb/UUT/XLXI_218/XLXI_4/sb2/ : Warning: NUMERIC_STD.TO_INTEGER: metavalue detected, returning 0
at 0 ps, Instance /decr_schem_decr_schem_sch_tb/UUT/XLXI_218/XLXI_4/sb3/ : Warning: NUMERIC_STD.TO_INTEGER: metavalue detected, returning 0
at 0 ps, Instance /decr_schem_decr_schem_sch_tb/UUT/XLXI_218/XLXI_4/sb3/ : Warning: NUMERIC_STD.TO_INTEGER: metavalue detected, returning 0
at 0 ps, Instance /decr_schem_decr_schem_sch_tb/UUT/XLXI_218/XLXI_4/sb4/ : Warning: NUMERIC_STD.TO_INTEGER: metavalue detected, returning 0
at 0 ps, Instance /decr_schem_decr_schem_sch_tb/UUT/XLXI_218/XLXI_4/sb4/ : Warning: NUMERIC_STD.TO_INTEGER: metavalue detected, returning 0
at 0 ps, Instance /decr_schem_decr_schem_sch_tb/UUT/XLXI_218/XLXI_4/sb5/ : Warning: NUMERIC_STD.TO_INTEGER: metavalue detected, returning 0
at 0 ps, Instance /decr_schem_decr_schem_sch_tb/UUT/XLXI_218/XLXI_4/sb5/ : Warning: NUMERIC_STD.TO_INTEGER: metavalue detected, returning 0
at 0 ps, Instance /decr_schem_decr_schem_sch_tb/UUT/XLXI_218/XLXI_4/sb6/ : Warning: NUMERIC_STD.TO_INTEGER: metavalue detected, returning 0
at 0 ps, Instance /decr_schem_decr_schem_sch_tb/UUT/XLXI_218/XLXI_4/sb6/ : Warning: NUMERIC_STD.TO_INTEGER: metavalue detected, returning 0
at 0 ps, Instance /decr_schem_decr_schem_sch_tb/UUT/XLXI_218/XLXI_4/sb7/ : Warning: NUMERIC_STD.TO_INTEGER: metavalue detected, returning 0
at 0 ps, Instance /decr_schem_decr_schem_sch_tb/UUT/XLXI_218/XLXI_4/sb7/ : Warning: NUMERIC_STD.TO_INTEGER: metavalue detected, returning 0
at 0 ps, Instance /decr_schem_decr_schem_sch_tb/UUT/XLXI_219/XLXI_4/sb0/ : Warning: NUMERIC_STD.TO_INTEGER: metavalue detected, returning 0
at 0 ps, Instance /decr_schem_decr_schem_sch_tb/UUT/XLXI_219/XLXI_4/sb0/ : Warning: NUMERIC_STD.TO_INTEGER: metavalue detected, returning 0
at 0 ps, Instance /decr_schem_decr_schem_sch_tb/UUT/XLXI_219/XLXI_4/sb1/ : Warning: NUMERIC_STD.TO_INTEGER: metavalue detected, returning 0
at 0 ps, Instance /decr_schem_decr_schem_sch_tb/UUT/XLXI_219/XLXI_4/sb1/ : Warning: NUMERIC_STD.TO_INTEGER: metavalue detected, returning 0
at 0 ps, Instance /decr_schem_decr_schem_sch_tb/UUT/XLXI_219/XLXI_4/sb2/ : Warning: NUMERIC_STD.TO_INTEGER: metavalue detected, returning 0
at 0 ps, Instance /decr_schem_decr_schem_sch_tb/UUT/XLXI_219/XLXI_4/sb2/ : Warning: NUMERIC_STD.TO_INTEGER: metavalue detected, returning 0
at 0 ps, Instance /decr_schem_decr_schem_sch_tb/UUT/XLXI_219/XLXI_4/sb3/ : Warning: NUMERIC_STD.TO_INTEGER: metavalue detected, returning 0
at 0 ps, Instance /decr_schem_decr_schem_sch_tb/UUT/XLXI_219/XLXI_4/sb3/ : Warning: NUMERIC_STD.TO_INTEGER: metavalue detected, returning 0
at 0 ps, Instance /decr_schem_decr_schem_sch_tb/UUT/XLXI_219/XLXI_4/sb4/ : Warning: NUMERIC_STD.TO_INTEGER: metavalue detected, returning 0
at 0 ps, Instance /decr_schem_decr_schem_sch_tb/UUT/XLXI_219/XLXI_4/sb4/ : Warning: NUMERIC_STD.TO_INTEGER: metavalue detected, returning 0
at 0 ps, Instance /decr_schem_decr_schem_sch_tb/UUT/XLXI_219/XLXI_4/sb5/ : Warning: NUMERIC_STD.TO_INTEGER: metavalue detected, returning 0
at 0 ps, Instance /decr_schem_decr_schem_sch_tb/UUT/XLXI_219/XLXI_4/sb5/ : Warning: NUMERIC_STD.TO_INTEGER: metavalue detected, returning 0
at 0 ps, Instance /decr_schem_decr_schem_sch_tb/UUT/XLXI_219/XLXI_4/sb6/ : Warning: NUMERIC_STD.TO_INTEGER: metavalue detected, returning 0
at 0 ps, Instance /decr_schem_decr_schem_sch_tb/UUT/XLXI_219/XLXI_4/sb6/ : Warning: NUMERIC_STD.TO_INTEGER: metavalue detected, returning 0
at 0 ps, Instance /decr_schem_decr_schem_sch_tb/UUT/XLXI_219/XLXI_4/sb7/ : Warning: NUMERIC_STD.TO_INTEGER: metavalue detected, returning 0
at 0 ps, Instance /decr_schem_decr_schem_sch_tb/UUT/XLXI_219/XLXI_4/sb7/ : Warning: NUMERIC_STD.TO_INTEGER: metavalue detected, returning 0
at 0 ps, Instance /decr_schem_decr_schem_sch_tb/UUT/XLXI_220/XLXI_4/sb0/ : Warning: NUMERIC_STD.TO_INTEGER: metavalue detected, returning 0
at 0 ps, Instance /decr_schem_decr_schem_sch_tb/UUT/XLXI_220/XLXI_4/sb0/ : Warning: NUMERIC_STD.TO_INTEGER: metavalue detected, returning 0
at 0 ps, Instance /decr_schem_decr_schem_sch_tb/UUT/XLXI_220/XLXI_4/sb1/ : Warning: NUMERIC_STD.TO_INTEGER: metavalue detected, returning 0
at 0 ps, Instance /decr_schem_decr_schem_sch_tb/UUT/XLXI_220/XLXI_4/sb1/ : Warning: NUMERIC_STD.TO_INTEGER: metavalue detected, returning 0
at 0 ps, Instance /decr_schem_decr_schem_sch_tb/UUT/XLXI_220/XLXI_4/sb2/ : Warning: NUMERIC_STD.TO_INTEGER: metavalue detected, returning 0
at 0 ps, Instance /decr_schem_decr_schem_sch_tb/UUT/XLXI_220/XLXI_4/sb2/ : Warning: NUMERIC_STD.TO_INTEGER: metavalue detected, returning 0
at 0 ps, Instance /decr_schem_decr_schem_sch_tb/UUT/XLXI_220/XLXI_4/sb3/ : Warning: NUMERIC_STD.TO_INTEGER: metavalue detected, returning 0
at 0 ps, Instance /decr_schem_decr_schem_sch_tb/UUT/XLXI_220/XLXI_4/sb3/ : Warning: NUMERIC_STD.TO_INTEGER: metavalue detected, returning 0
at 0 ps, Instance /decr_schem_decr_schem_sch_tb/UUT/XLXI_220/XLXI_4/sb4/ : Warning: NUMERIC_STD.TO_INTEGER: metavalue detected, returning 0
at 0 ps, Instance /decr_schem_decr_schem_sch_tb/UUT/XLXI_220/XLXI_4/sb4/ : Warning: NUMERIC_STD.TO_INTEGER: metavalue detected, returning 0
at 0 ps, Instance /decr_schem_decr_schem_sch_tb/UUT/XLXI_220/XLXI_4/sb5/ : Warning: NUMERIC_STD.TO_INTEGER: metavalue detected, returning 0
at 0 ps, Instance /decr_schem_decr_schem_sch_tb/UUT/XLXI_220/XLXI_4/sb5/ : Warning: NUMERIC_STD.TO_INTEGER: metavalue detected, returning 0
at 0 ps, Instance /decr_schem_decr_schem_sch_tb/UUT/XLXI_220/XLXI_4/sb6/ : Warning: NUMERIC_STD.TO_INTEGER: metavalue detected, returning 0
at 0 ps, Instance /decr_schem_decr_schem_sch_tb/UUT/XLXI_220/XLXI_4/sb6/ : Warning: NUMERIC_STD.TO_INTEGER: metavalue detected, returning 0
at 0 ps, Instance /decr_schem_decr_schem_sch_tb/UUT/XLXI_220/XLXI_4/sb7/ : Warning: NUMERIC_STD.TO_INTEGER: metavalue detected, returning 0
at 0 ps, Instance /decr_schem_decr_schem_sch_tb/UUT/XLXI_220/XLXI_4/sb7/ : Warning: NUMERIC_STD.TO_INTEGER: metavalue detected, returning 0
at 0 ps, Instance /decr_schem_decr_schem_sch_tb/UUT/XLXI_221/XLXI_4/sb0/ : Warning: NUMERIC_STD.TO_INTEGER: metavalue detected, returning 0
at 0 ps, Instance /decr_schem_decr_schem_sch_tb/UUT/XLXI_221/XLXI_4/sb0/ : Warning: NUMERIC_STD.TO_INTEGER: metavalue detected, returning 0
at 0 ps, Instance /decr_schem_decr_schem_sch_tb/UUT/XLXI_221/XLXI_4/sb1/ : Warning: NUMERIC_STD.TO_INTEGER: metavalue detected, returning 0
at 0 ps, Instance /decr_schem_decr_schem_sch_tb/UUT/XLXI_221/XLXI_4/sb1/ : Warning: NUMERIC_STD.TO_INTEGER: metavalue detected, returning 0
at 0 ps, Instance /decr_schem_decr_schem_sch_tb/UUT/XLXI_221/XLXI_4/sb2/ : Warning: NUMERIC_STD.TO_INTEGER: metavalue detected, returning 0
at 0 ps, Instance /decr_schem_decr_schem_sch_tb/UUT/XLXI_221/XLXI_4/sb2/ : Warning: NUMERIC_STD.TO_INTEGER: metavalue detected, returning 0
at 0 ps, Instance /decr_schem_decr_schem_sch_tb/UUT/XLXI_221/XLXI_4/sb3/ : Warning: NUMERIC_STD.TO_INTEGER: metavalue detected, returning 0
at 0 ps, Instance /decr_schem_decr_schem_sch_tb/UUT/XLXI_221/XLXI_4/sb3/ : Warning: NUMERIC_STD.TO_INTEGER: metavalue detected, returning 0
at 0 ps, Instance /decr_schem_decr_schem_sch_tb/UUT/XLXI_221/XLXI_4/sb4/ : Warning: NUMERIC_STD.TO_INTEGER: metavalue detected, returning 0
at 0 ps, Instance /decr_schem_decr_schem_sch_tb/UUT/XLXI_221/XLXI_4/sb4/ : Warning: NUMERIC_STD.TO_INTEGER: metavalue detected, returning 0
at 0 ps, Instance /decr_schem_decr_schem_sch_tb/UUT/XLXI_221/XLXI_4/sb5/ : Warning: NUMERIC_STD.TO_INTEGER: metavalue detected, returning 0
at 0 ps, Instance /decr_schem_decr_schem_sch_tb/UUT/XLXI_221/XLXI_4/sb5/ : Warning: NUMERIC_STD.TO_INTEGER: metavalue detected, returning 0
at 0 ps, Instance /decr_schem_decr_schem_sch_tb/UUT/XLXI_221/XLXI_4/sb6/ : Warning: NUMERIC_STD.TO_INTEGER: metavalue detected, returning 0
at 0 ps, Instance /decr_schem_decr_schem_sch_tb/UUT/XLXI_221/XLXI_4/sb6/ : Warning: NUMERIC_STD.TO_INTEGER: metavalue detected, returning 0
at 0 ps, Instance /decr_schem_decr_schem_sch_tb/UUT/XLXI_221/XLXI_4/sb7/ : Warning: NUMERIC_STD.TO_INTEGER: metavalue detected, returning 0
at 0 ps, Instance /decr_schem_decr_schem_sch_tb/UUT/XLXI_221/XLXI_4/sb7/ : Warning: NUMERIC_STD.TO_INTEGER: metavalue detected, returning 0
at 0 ps, Instance /decr_schem_decr_schem_sch_tb/UUT/XLXI_222/XLXI_4/sb0/ : Warning: NUMERIC_STD.TO_INTEGER: metavalue detected, returning 0
at 0 ps, Instance /decr_schem_decr_schem_sch_tb/UUT/XLXI_222/XLXI_4/sb0/ : Warning: NUMERIC_STD.TO_INTEGER: metavalue detected, returning 0
at 0 ps, Instance /decr_schem_decr_schem_sch_tb/UUT/XLXI_222/XLXI_4/sb1/ : Warning: NUMERIC_STD.TO_INTEGER: metavalue detected, returning 0
at 0 ps, Instance /decr_schem_decr_schem_sch_tb/UUT/XLXI_222/XLXI_4/sb1/ : Warning: NUMERIC_STD.TO_INTEGER: metavalue detected, returning 0
at 0 ps, Instance /decr_schem_decr_schem_sch_tb/UUT/XLXI_222/XLXI_4/sb2/ : Warning: NUMERIC_STD.TO_INTEGER: metavalue detected, returning 0
at 0 ps, Instance /decr_schem_decr_schem_sch_tb/UUT/XLXI_222/XLXI_4/sb2/ : Warning: NUMERIC_STD.TO_INTEGER: metavalue detected, returning 0
at 0 ps, Instance /decr_schem_decr_schem_sch_tb/UUT/XLXI_222/XLXI_4/sb3/ : Warning: NUMERIC_STD.TO_INTEGER: metavalue detected, returning 0
at 0 ps, Instance /decr_schem_decr_schem_sch_tb/UUT/XLXI_222/XLXI_4/sb3/ : Warning: NUMERIC_STD.TO_INTEGER: metavalue detected, returning 0
at 0 ps, Instance /decr_schem_decr_schem_sch_tb/UUT/XLXI_222/XLXI_4/sb4/ : Warning: NUMERIC_STD.TO_INTEGER: metavalue detected, returning 0
at 0 ps, Instance /decr_schem_decr_schem_sch_tb/UUT/XLXI_222/XLXI_4/sb4/ : Warning: NUMERIC_STD.TO_INTEGER: metavalue detected, returning 0
at 0 ps, Instance /decr_schem_decr_schem_sch_tb/UUT/XLXI_222/XLXI_4/sb5/ : Warning: NUMERIC_STD.TO_INTEGER: metavalue detected, returning 0
at 0 ps, Instance /decr_schem_decr_schem_sch_tb/UUT/XLXI_222/XLXI_4/sb5/ : Warning: NUMERIC_STD.TO_INTEGER: metavalue detected, returning 0
at 0 ps, Instance /decr_schem_decr_schem_sch_tb/UUT/XLXI_222/XLXI_4/sb6/ : Warning: NUMERIC_STD.TO_INTEGER: metavalue detected, returning 0
at 0 ps, Instance /decr_schem_decr_schem_sch_tb/UUT/XLXI_222/XLXI_4/sb6/ : Warning: NUMERIC_STD.TO_INTEGER: metavalue detected, returning 0
at 0 ps, Instance /decr_schem_decr_schem_sch_tb/UUT/XLXI_222/XLXI_4/sb7/ : Warning: NUMERIC_STD.TO_INTEGER: metavalue detected, returning 0
at 0 ps, Instance /decr_schem_decr_schem_sch_tb/UUT/XLXI_222/XLXI_4/sb7/ : Warning: NUMERIC_STD.TO_INTEGER: metavalue detected, returning 0
at 0 ps, Instance /decr_schem_decr_schem_sch_tb/UUT/XLXI_224/XLXI_4/sb0/ : Warning: NUMERIC_STD.TO_INTEGER: metavalue detected, returning 0
at 0 ps, Instance /decr_schem_decr_schem_sch_tb/UUT/XLXI_224/XLXI_4/sb0/ : Warning: NUMERIC_STD.TO_INTEGER: metavalue detected, returning 0
at 0 ps, Instance /decr_schem_decr_schem_sch_tb/UUT/XLXI_224/XLXI_4/sb1/ : Warning: NUMERIC_STD.TO_INTEGER: metavalue detected, returning 0
at 0 ps, Instance /decr_schem_decr_schem_sch_tb/UUT/XLXI_224/XLXI_4/sb1/ : Warning: NUMERIC_STD.TO_INTEGER: metavalue detected, returning 0
at 0 ps, Instance /decr_schem_decr_schem_sch_tb/UUT/XLXI_224/XLXI_4/sb2/ : Warning: NUMERIC_STD.TO_INTEGER: metavalue detected, returning 0
at 0 ps, Instance /decr_schem_decr_schem_sch_tb/UUT/XLXI_224/XLXI_4/sb2/ : Warning: NUMERIC_STD.TO_INTEGER: metavalue detected, returning 0
at 0 ps, Instance /decr_schem_decr_schem_sch_tb/UUT/XLXI_224/XLXI_4/sb3/ : Warning: NUMERIC_STD.TO_INTEGER: metavalue detected, returning 0
at 0 ps, Instance /decr_schem_decr_schem_sch_tb/UUT/XLXI_224/XLXI_4/sb3/ : Warning: NUMERIC_STD.TO_INTEGER: metavalue detected, returning 0
at 0 ps, Instance /decr_schem_decr_schem_sch_tb/UUT/XLXI_224/XLXI_4/sb4/ : Warning: NUMERIC_STD.TO_INTEGER: metavalue detected, returning 0
at 0 ps, Instance /decr_schem_decr_schem_sch_tb/UUT/XLXI_224/XLXI_4/sb4/ : Warning: NUMERIC_STD.TO_INTEGER: metavalue detected, returning 0
at 0 ps, Instance /decr_schem_decr_schem_sch_tb/UUT/XLXI_224/XLXI_4/sb5/ : Warning: NUMERIC_STD.TO_INTEGER: metavalue detected, returning 0
at 0 ps, Instance /decr_schem_decr_schem_sch_tb/UUT/XLXI_224/XLXI_4/sb5/ : Warning: NUMERIC_STD.TO_INTEGER: metavalue detected, returning 0
at 0 ps, Instance /decr_schem_decr_schem_sch_tb/UUT/XLXI_224/XLXI_4/sb6/ : Warning: NUMERIC_STD.TO_INTEGER: metavalue detected, returning 0
at 0 ps, Instance /decr_schem_decr_schem_sch_tb/UUT/XLXI_224/XLXI_4/sb6/ : Warning: NUMERIC_STD.TO_INTEGER: metavalue detected, returning 0
at 0 ps, Instance /decr_schem_decr_schem_sch_tb/UUT/XLXI_224/XLXI_4/sb7/ : Warning: NUMERIC_STD.TO_INTEGER: metavalue detected, returning 0
at 0 ps, Instance /decr_schem_decr_schem_sch_tb/UUT/XLXI_224/XLXI_4/sb7/ : Warning: NUMERIC_STD.TO_INTEGER: metavalue detected, returning 0
at 0 ps, Instance /decr_schem_decr_schem_sch_tb/UUT/XLXI_237/XLXI_4/sb0/ : Warning: NUMERIC_STD.TO_INTEGER: metavalue detected, returning 0
at 0 ps, Instance /decr_schem_decr_schem_sch_tb/UUT/XLXI_237/XLXI_4/sb0/ : Warning: NUMERIC_STD.TO_INTEGER: metavalue detected, returning 0
at 0 ps, Instance /decr_schem_decr_schem_sch_tb/UUT/XLXI_237/XLXI_4/sb1/ : Warning: NUMERIC_STD.TO_INTEGER: metavalue detected, returning 0
at 0 ps, Instance /decr_schem_decr_schem_sch_tb/UUT/XLXI_237/XLXI_4/sb1/ : Warning: NUMERIC_STD.TO_INTEGER: metavalue detected, returning 0
at 0 ps, Instance /decr_schem_decr_schem_sch_tb/UUT/XLXI_237/XLXI_4/sb2/ : Warning: NUMERIC_STD.TO_INTEGER: metavalue detected, returning 0
at 0 ps, Instance /decr_schem_decr_schem_sch_tb/UUT/XLXI_237/XLXI_4/sb2/ : Warning: NUMERIC_STD.TO_INTEGER: metavalue detected, returning 0
at 0 ps, Instance /decr_schem_decr_schem_sch_tb/UUT/XLXI_237/XLXI_4/sb3/ : Warning: NUMERIC_STD.TO_INTEGER: metavalue detected, returning 0
at 0 ps, Instance /decr_schem_decr_schem_sch_tb/UUT/XLXI_237/XLXI_4/sb3/ : Warning: NUMERIC_STD.TO_INTEGER: metavalue detected, returning 0
at 0 ps, Instance /decr_schem_decr_schem_sch_tb/UUT/XLXI_237/XLXI_4/sb4/ : Warning: NUMERIC_STD.TO_INTEGER: metavalue detected, returning 0
at 0 ps, Instance /decr_schem_decr_schem_sch_tb/UUT/XLXI_237/XLXI_4/sb4/ : Warning: NUMERIC_STD.TO_INTEGER: metavalue detected, returning 0
at 0 ps, Instance /decr_schem_decr_schem_sch_tb/UUT/XLXI_237/XLXI_4/sb5/ : Warning: NUMERIC_STD.TO_INTEGER: metavalue detected, returning 0
at 0 ps, Instance /decr_schem_decr_schem_sch_tb/UUT/XLXI_237/XLXI_4/sb5/ : Warning: NUMERIC_STD.TO_INTEGER: metavalue detected, returning 0
at 0 ps, Instance /decr_schem_decr_schem_sch_tb/UUT/XLXI_237/XLXI_4/sb6/ : Warning: NUMERIC_STD.TO_INTEGER: metavalue detected, returning 0
at 0 ps, Instance /decr_schem_decr_schem_sch_tb/UUT/XLXI_237/XLXI_4/sb6/ : Warning: NUMERIC_STD.TO_INTEGER: metavalue detected, returning 0
at 0 ps, Instance /decr_schem_decr_schem_sch_tb/UUT/XLXI_237/XLXI_4/sb7/ : Warning: NUMERIC_STD.TO_INTEGER: metavalue detected, returning 0
at 0 ps, Instance /decr_schem_decr_schem_sch_tb/UUT/XLXI_237/XLXI_4/sb7/ : Warning: NUMERIC_STD.TO_INTEGER: metavalue detected, returning 0
at 0 ps, Instance /decr_schem_decr_schem_sch_tb/UUT/XLXI_238/XLXI_4/sb0/ : Warning: NUMERIC_STD.TO_INTEGER: metavalue detected, returning 0
at 0 ps, Instance /decr_schem_decr_schem_sch_tb/UUT/XLXI_238/XLXI_4/sb0/ : Warning: NUMERIC_STD.TO_INTEGER: metavalue detected, returning 0
at 0 ps, Instance /decr_schem_decr_schem_sch_tb/UUT/XLXI_238/XLXI_4/sb1/ : Warning: NUMERIC_STD.TO_INTEGER: metavalue detected, returning 0
at 0 ps, Instance /decr_schem_decr_schem_sch_tb/UUT/XLXI_238/XLXI_4/sb1/ : Warning: NUMERIC_STD.TO_INTEGER: metavalue detected, returning 0
at 0 ps, Instance /decr_schem_decr_schem_sch_tb/UUT/XLXI_238/XLXI_4/sb2/ : Warning: NUMERIC_STD.TO_INTEGER: metavalue detected, returning 0
at 0 ps, Instance /decr_schem_decr_schem_sch_tb/UUT/XLXI_238/XLXI_4/sb2/ : Warning: NUMERIC_STD.TO_INTEGER: metavalue detected, returning 0
at 0 ps, Instance /decr_schem_decr_schem_sch_tb/UUT/XLXI_238/XLXI_4/sb3/ : Warning: NUMERIC_STD.TO_INTEGER: metavalue detected, returning 0
at 0 ps, Instance /decr_schem_decr_schem_sch_tb/UUT/XLXI_238/XLXI_4/sb3/ : Warning: NUMERIC_STD.TO_INTEGER: metavalue detected, returning 0
at 0 ps, Instance /decr_schem_decr_schem_sch_tb/UUT/XLXI_238/XLXI_4/sb4/ : Warning: NUMERIC_STD.TO_INTEGER: metavalue detected, returning 0
at 0 ps, Instance /decr_schem_decr_schem_sch_tb/UUT/XLXI_238/XLXI_4/sb4/ : Warning: NUMERIC_STD.TO_INTEGER: metavalue detected, returning 0
at 0 ps, Instance /decr_schem_decr_schem_sch_tb/UUT/XLXI_238/XLXI_4/sb5/ : Warning: NUMERIC_STD.TO_INTEGER: metavalue detected, returning 0
at 0 ps, Instance /decr_schem_decr_schem_sch_tb/UUT/XLXI_238/XLXI_4/sb5/ : Warning: NUMERIC_STD.TO_INTEGER: metavalue detected, returning 0
at 0 ps, Instance /decr_schem_decr_schem_sch_tb/UUT/XLXI_238/XLXI_4/sb6/ : Warning: NUMERIC_STD.TO_INTEGER: metavalue detected, returning 0
at 0 ps, Instance /decr_schem_decr_schem_sch_tb/UUT/XLXI_238/XLXI_4/sb6/ : Warning: NUMERIC_STD.TO_INTEGER: metavalue detected, returning 0
at 0 ps, Instance /decr_schem_decr_schem_sch_tb/UUT/XLXI_238/XLXI_4/sb7/ : Warning: NUMERIC_STD.TO_INTEGER: metavalue detected, returning 0
at 0 ps, Instance /decr_schem_decr_schem_sch_tb/UUT/XLXI_238/XLXI_4/sb7/ : Warning: NUMERIC_STD.TO_INTEGER: metavalue detected, returning 0
at 0 ps, Instance /decr_schem_decr_schem_sch_tb/UUT/XLXI_239/XLXI_4/sb0/ : Warning: NUMERIC_STD.TO_INTEGER: metavalue detected, returning 0
at 0 ps, Instance /decr_schem_decr_schem_sch_tb/UUT/XLXI_239/XLXI_4/sb0/ : Warning: NUMERIC_STD.TO_INTEGER: metavalue detected, returning 0
at 0 ps, Instance /decr_schem_decr_schem_sch_tb/UUT/XLXI_239/XLXI_4/sb1/ : Warning: NUMERIC_STD.TO_INTEGER: metavalue detected, returning 0
at 0 ps, Instance /decr_schem_decr_schem_sch_tb/UUT/XLXI_239/XLXI_4/sb1/ : Warning: NUMERIC_STD.TO_INTEGER: metavalue detected, returning 0
at 0 ps, Instance /decr_schem_decr_schem_sch_tb/UUT/XLXI_239/XLXI_4/sb2/ : Warning: NUMERIC_STD.TO_INTEGER: metavalue detected, returning 0
at 0 ps, Instance /decr_schem_decr_schem_sch_tb/UUT/XLXI_239/XLXI_4/sb2/ : Warning: NUMERIC_STD.TO_INTEGER: metavalue detected, returning 0
at 0 ps, Instance /decr_schem_decr_schem_sch_tb/UUT/XLXI_239/XLXI_4/sb3/ : Warning: NUMERIC_STD.TO_INTEGER: metavalue detected, returning 0
at 0 ps, Instance /decr_schem_decr_schem_sch_tb/UUT/XLXI_239/XLXI_4/sb3/ : Warning: NUMERIC_STD.TO_INTEGER: metavalue detected, returning 0
at 0 ps, Instance /decr_schem_decr_schem_sch_tb/UUT/XLXI_239/XLXI_4/sb4/ : Warning: NUMERIC_STD.TO_INTEGER: metavalue detected, returning 0
at 0 ps, Instance /decr_schem_decr_schem_sch_tb/UUT/XLXI_239/XLXI_4/sb4/ : Warning: NUMERIC_STD.TO_INTEGER: metavalue detected, returning 0
at 0 ps, Instance /decr_schem_decr_schem_sch_tb/UUT/XLXI_239/XLXI_4/sb5/ : Warning: NUMERIC_STD.TO_INTEGER: metavalue detected, returning 0
at 0 ps, Instance /decr_schem_decr_schem_sch_tb/UUT/XLXI_239/XLXI_4/sb5/ : Warning: NUMERIC_STD.TO_INTEGER: metavalue detected, returning 0
at 0 ps, Instance /decr_schem_decr_schem_sch_tb/UUT/XLXI_239/XLXI_4/sb6/ : Warning: NUMERIC_STD.TO_INTEGER: metavalue detected, returning 0
at 0 ps, Instance /decr_schem_decr_schem_sch_tb/UUT/XLXI_239/XLXI_4/sb6/ : Warning: NUMERIC_STD.TO_INTEGER: metavalue detected, returning 0
at 0 ps, Instance /decr_schem_decr_schem_sch_tb/UUT/XLXI_239/XLXI_4/sb7/ : Warning: NUMERIC_STD.TO_INTEGER: metavalue detected, returning 0
at 0 ps, Instance /decr_schem_decr_schem_sch_tb/UUT/XLXI_239/XLXI_4/sb7/ : Warning: NUMERIC_STD.TO_INTEGER: metavalue detected, returning 0
at 0 ps, Instance /decr_schem_decr_schem_sch_tb/UUT/XLXI_240/XLXI_4/sb0/ : Warning: NUMERIC_STD.TO_INTEGER: metavalue detected, returning 0
at 0 ps, Instance /decr_schem_decr_schem_sch_tb/UUT/XLXI_240/XLXI_4/sb0/ : Warning: NUMERIC_STD.TO_INTEGER: metavalue detected, returning 0
at 0 ps, Instance /decr_schem_decr_schem_sch_tb/UUT/XLXI_240/XLXI_4/sb1/ : Warning: NUMERIC_STD.TO_INTEGER: metavalue detected, returning 0
at 0 ps, Instance /decr_schem_decr_schem_sch_tb/UUT/XLXI_240/XLXI_4/sb1/ : Warning: NUMERIC_STD.TO_INTEGER: metavalue detected, returning 0
at 0 ps, Instance /decr_schem_decr_schem_sch_tb/UUT/XLXI_240/XLXI_4/sb2/ : Warning: NUMERIC_STD.TO_INTEGER: metavalue detected, returning 0
at 0 ps, Instance /decr_schem_decr_schem_sch_tb/UUT/XLXI_240/XLXI_4/sb2/ : Warning: NUMERIC_STD.TO_INTEGER: metavalue detected, returning 0
at 0 ps, Instance /decr_schem_decr_schem_sch_tb/UUT/XLXI_240/XLXI_4/sb3/ : Warning: NUMERIC_STD.TO_INTEGER: metavalue detected, returning 0
at 0 ps, Instance /decr_schem_decr_schem_sch_tb/UUT/XLXI_240/XLXI_4/sb3/ : Warning: NUMERIC_STD.TO_INTEGER: metavalue detected, returning 0
at 0 ps, Instance /decr_schem_decr_schem_sch_tb/UUT/XLXI_240/XLXI_4/sb4/ : Warning: NUMERIC_STD.TO_INTEGER: metavalue detected, returning 0
at 0 ps, Instance /decr_schem_decr_schem_sch_tb/UUT/XLXI_240/XLXI_4/sb4/ : Warning: NUMERIC_STD.TO_INTEGER: metavalue detected, returning 0
at 0 ps, Instance /decr_schem_decr_schem_sch_tb/UUT/XLXI_240/XLXI_4/sb5/ : Warning: NUMERIC_STD.TO_INTEGER: metavalue detected, returning 0
at 0 ps, Instance /decr_schem_decr_schem_sch_tb/UUT/XLXI_240/XLXI_4/sb5/ : Warning: NUMERIC_STD.TO_INTEGER: metavalue detected, returning 0
at 0 ps, Instance /decr_schem_decr_schem_sch_tb/UUT/XLXI_240/XLXI_4/sb6/ : Warning: NUMERIC_STD.TO_INTEGER: metavalue detected, returning 0
at 0 ps, Instance /decr_schem_decr_schem_sch_tb/UUT/XLXI_240/XLXI_4/sb6/ : Warning: NUMERIC_STD.TO_INTEGER: metavalue detected, returning 0
at 0 ps, Instance /decr_schem_decr_schem_sch_tb/UUT/XLXI_240/XLXI_4/sb7/ : Warning: NUMERIC_STD.TO_INTEGER: metavalue detected, returning 0
at 0 ps, Instance /decr_schem_decr_schem_sch_tb/UUT/XLXI_240/XLXI_4/sb7/ : Warning: NUMERIC_STD.TO_INTEGER: metavalue detected, returning 0
