Command line:
   schem_schem_sch_tb_isim_beh.exe
     -simmode  gui
     -simrunnum  0
     -socket  64674

Fri May 11 22:53:13 2018


 Elaboration Time: 0.140625 sec

 Current Memory Usage: 1063.25 Meg

 Total Signals          : 1372
 Total Nets             : 11658
 Total Signal Drivers   : 3957
 Total Blocks           : 2919
 Total Primitive Blocks : 2818
 Total Processes        : 3956
 Total Traceable Variables  : 2845
 Total Scalar Nets and Variables : 25218
Total Line Count : 1784

 Total Simulation Time: 0.3125 sec

 Current Memory Usage: 1063.25 Meg

Fri May 11 22:53:22 2018

